{"E:\\WEB_DEVELOPMENT\\SIP_TRACKER_AND_PORTFOLIO_VALUATION\\SIPTRACKER-BACKEND\\server.js": {"path":"E:\\WEB_DEVELOPMENT\\SIP_TRACKER_AND_PORTFOLIO_VALUATION\\SIPTRACKER-BACKEND\\server.js","statementMap":{"0":{"start":{"line":1,"column":16},"end":{"line":1,"column":34}},"1":{"start":{"line":2,"column":13},"end":{"line":2,"column":28}},"2":{"start":{"line":3,"column":12},"end":{"line":3,"column":21}},"3":{"start":{"line":4,"column":19},"end":{"line":4,"column":52}},"4":{"start":{"line":5,"column":23},"end":{"line":5,"column":60}},"5":{"start":{"line":6,"column":19},"end":{"line":6,"column":52}},"6":{"start":{"line":7,"column":18},"end":{"line":7,"column":50}},"7":{"start":{"line":8,"column":24},"end":{"line":8,"column":62}},"8":{"start":{"line":9,"column":22},"end":{"line":9,"column":58}},"9":{"start":{"line":10,"column":12},"end":{"line":10,"column":45}},"10":{"start":{"line":12,"column":0},"end":{"line":12,"column":24}},"11":{"start":{"line":13,"column":0},"end":{"line":13,"column":15}},"12":{"start":{"line":15,"column":0},"end":{"line":15,"column":33}},"13":{"start":{"line":16,"column":0},"end":{"line":16,"column":32}},"14":{"start":{"line":17,"column":0},"end":{"line":17,"column":34}},"15":{"start":{"line":18,"column":0},"end":{"line":18,"column":32}},"16":{"start":{"line":19,"column":0},"end":{"line":19,"column":43}},"17":{"start":{"line":20,"column":0},"end":{"line":20,"column":39}},"18":{"start":{"line":22,"column":0},"end":{"line":27,"column":3}},"19":{"start":{"line":23,"column":2},"end":{"line":26,"column":5}},"20":{"start":{"line":31,"column":0},"end":{"line":31,"column":21}},"21":{"start":{"line":34,"column":0},"end":{"line":43,"column":1}},"22":{"start":{"line":35,"column":29},"end":{"line":35,"column":58}},"23":{"start":{"line":36,"column":32},"end":{"line":36,"column":65}},"24":{"start":{"line":37,"column":4},"end":{"line":37,"column":19}},"25":{"start":{"line":38,"column":4},"end":{"line":38,"column":16}},"26":{"start":{"line":39,"column":17},"end":{"line":39,"column":41}},"27":{"start":{"line":40,"column":4},"end":{"line":42,"column":7}},"28":{"start":{"line":41,"column":8},"end":{"line":41,"column":57}}},"fnMap":{"0":{"name":"(anonymous_0)","decl":{"start":{"line":22,"column":13},"end":{"line":22,"column":14}},"loc":{"start":{"line":22,"column":27},"end":{"line":27,"column":1}},"line":22},"1":{"name":"(anonymous_1)","decl":{"start":{"line":40,"column":21},"end":{"line":40,"column":22}},"loc":{"start":{"line":40,"column":27},"end":{"line":42,"column":5}},"line":40}},"branchMap":{"0":{"loc":{"start":{"line":34,"column":0},"end":{"line":43,"column":1}},"type":"if","locations":[{"start":{"line":34,"column":0},"end":{"line":43,"column":1}},{"start":{},"end":{}}],"line":34},"1":{"loc":{"start":{"line":39,"column":17},"end":{"line":39,"column":41}},"type":"binary-expr","locations":[{"start":{"line":39,"column":17},"end":{"line":39,"column":33}},{"start":{"line":39,"column":37},"end":{"line":39,"column":41}}],"line":39}},"s":{"0":13,"1":13,"2":13,"3":13,"4":13,"5":13,"6":13,"7":13,"8":13,"9":13,"10":13,"11":13,"12":13,"13":13,"14":13,"15":13,"16":13,"17":13,"18":13,"19":1,"20":13,"21":13,"22":0,"23":0,"24":0,"25":0,"26":0,"27":0,"28":0},"f":{"0":1,"1":0},"b":{"0":[0,13],"1":[0,0]},"_coverageSchema":"1a1c01bbd47fc00a2c39e90264f33305004495a9","hash":"286569a1a59272d741954c6bc4aac05c5a0354de"}
,"E:\\WEB_DEVELOPMENT\\SIP_TRACKER_AND_PORTFOLIO_VALUATION\\SIPTRACKER-BACKEND\\controller\\InvestorController.js": {"path":"E:\\WEB_DEVELOPMENT\\SIP_TRACKER_AND_PORTFOLIO_VALUATION\\SIPTRACKER-BACKEND\\controller\\InvestorController.js","statementMap":{"0":{"start":{"line":1,"column":16},"end":{"line":1,"column":34}},"1":{"start":{"line":2,"column":22},"end":{"line":2,"column":55}},"2":{"start":{"line":3,"column":15},"end":{"line":3,"column":31}},"3":{"start":{"line":4,"column":15},"end":{"line":4,"column":32}},"4":{"start":{"line":5,"column":12},"end":{"line":5,"column":35}},"5":{"start":{"line":6,"column":17},"end":{"line":6,"column":51}},"6":{"start":{"line":7,"column":22},"end":{"line":7,"column":52}},"7":{"start":{"line":8,"column":43},"end":{"line":8,"column":83}},"8":{"start":{"line":11,"column":24},"end":{"line":27,"column":1}},"9":{"start":{"line":12,"column":2},"end":{"line":26,"column":3}},"10":{"start":{"line":13,"column":28},"end":{"line":13,"column":66}},"11":{"start":{"line":14,"column":4},"end":{"line":17,"column":5}},"12":{"start":{"line":15,"column":6},"end":{"line":15,"column":53}},"13":{"start":{"line":16,"column":6},"end":{"line":16,"column":63}},"14":{"start":{"line":19,"column":19},"end":{"line":19,"column":44}},"15":{"start":{"line":20,"column":19},"end":{"line":20,"column":42}},"16":{"start":{"line":21,"column":4},"end":{"line":21,"column":84}},"17":{"start":{"line":22,"column":4},"end":{"line":22,"column":48}},"18":{"start":{"line":23,"column":4},"end":{"line":23,"column":45}},"19":{"start":{"line":25,"column":4},"end":{"line":25,"column":95}},"20":{"start":{"line":30,"column":24},"end":{"line":80,"column":1}},"21":{"start":{"line":31,"column":2},"end":{"line":79,"column":3}},"22":{"start":{"line":32,"column":24},"end":{"line":32,"column":46}},"23":{"start":{"line":34,"column":4},"end":{"line":39,"column":7}},"24":{"start":{"line":35,"column":4},"end":{"line":39,"column":6}},"25":{"start":{"line":41,"column":27},"end":{"line":41,"column":75}},"26":{"start":{"line":42,"column":4},"end":{"line":45,"column":5}},"27":{"start":{"line":43,"column":6},"end":{"line":43,"column":52}},"28":{"start":{"line":44,"column":6},"end":{"line":44,"column":104}},"29":{"start":{"line":47,"column":19},"end":{"line":63,"column":13}},"30":{"start":{"line":64,"column":19},"end":{"line":64,"column":57}},"31":{"start":{"line":66,"column":4},"end":{"line":72,"column":5}},"32":{"start":{"line":67,"column":6},"end":{"line":71,"column":2}},"33":{"start":{"line":74,"column":4},"end":{"line":74,"column":97}},"34":{"start":{"line":75,"column":4},"end":{"line":75,"column":47}},"35":{"start":{"line":76,"column":4},"end":{"line":76,"column":86}},"36":{"start":{"line":78,"column":4},"end":{"line":78,"column":50}},"37":{"start":{"line":82,"column":28},"end":{"line":120,"column":1}},"38":{"start":{"line":83,"column":2},"end":{"line":119,"column":3}},"39":{"start":{"line":84,"column":24},"end":{"line":84,"column":46}},"40":{"start":{"line":85,"column":27},"end":{"line":85,"column":75}},"41":{"start":{"line":87,"column":4},"end":{"line":90,"column":5}},"42":{"start":{"line":88,"column":6},"end":{"line":88,"column":52}},"43":{"start":{"line":89,"column":6},"end":{"line":89,"column":62}},"44":{"start":{"line":92,"column":18},"end":{"line":110,"column":47}},"45":{"start":{"line":111,"column":19},"end":{"line":111,"column":57}},"46":{"start":{"line":113,"column":4},"end":{"line":113,"column":94}},"47":{"start":{"line":114,"column":4},"end":{"line":114,"column":44}},"48":{"start":{"line":116,"column":4},"end":{"line":116,"column":89}},"49":{"start":{"line":118,"column":4},"end":{"line":118,"column":50}},"50":{"start":{"line":122,"column":28},"end":{"line":164,"column":1}},"51":{"start":{"line":123,"column":2},"end":{"line":163,"column":3}},"52":{"start":{"line":124,"column":24},"end":{"line":124,"column":46}},"53":{"start":{"line":125,"column":27},"end":{"line":125,"column":75}},"54":{"start":{"line":127,"column":4},"end":{"line":130,"column":5}},"55":{"start":{"line":128,"column":6},"end":{"line":128,"column":52}},"56":{"start":{"line":129,"column":6},"end":{"line":129,"column":62}},"57":{"start":{"line":132,"column":18},"end":{"line":136,"column":29}},"58":{"start":{"line":137,"column":19},"end":{"line":137,"column":57}},"59":{"start":{"line":139,"column":4},"end":{"line":141,"column":5}},"60":{"start":{"line":140,"column":6},"end":{"line":140,"column":79}},"61":{"start":{"line":143,"column":24},"end":{"line":143,"column":25}},"62":{"start":{"line":144,"column":4},"end":{"line":146,"column":7}},"63":{"start":{"line":145,"column":6},"end":{"line":145,"column":53}},"64":{"start":{"line":148,"column":25},"end":{"line":153,"column":5}},"65":{"start":{"line":155,"column":4},"end":{"line":158,"column":6}},"66":{"start":{"line":159,"column":4},"end":{"line":159,"column":47}},"67":{"start":{"line":160,"column":4},"end":{"line":160,"column":46}},"68":{"start":{"line":162,"column":4},"end":{"line":162,"column":59}},"69":{"start":{"line":166,"column":0},"end":{"line":171,"column":2}}},"fnMap":{"0":{"name":"(anonymous_0)","decl":{"start":{"line":11,"column":24},"end":{"line":11,"column":25}},"loc":{"start":{"line":11,"column":44},"end":{"line":27,"column":1}},"line":11},"1":{"name":"(anonymous_1)","decl":{"start":{"line":30,"column":24},"end":{"line":30,"column":25}},"loc":{"start":{"line":30,"column":44},"end":{"line":80,"column":1}},"line":30},"2":{"name":"(anonymous_2)","decl":{"start":{"line":82,"column":28},"end":{"line":82,"column":29}},"loc":{"start":{"line":82,"column":48},"end":{"line":120,"column":1}},"line":82},"3":{"name":"(anonymous_3)","decl":{"start":{"line":122,"column":28},"end":{"line":122,"column":29}},"loc":{"start":{"line":122,"column":48},"end":{"line":164,"column":1}},"line":122},"4":{"name":"(anonymous_4)","decl":{"start":{"line":144,"column":24},"end":{"line":144,"column":25}},"loc":{"start":{"line":144,"column":33},"end":{"line":146,"column":5}},"line":144}},"branchMap":{"0":{"loc":{"start":{"line":14,"column":4},"end":{"line":17,"column":5}},"type":"if","locations":[{"start":{"line":14,"column":4},"end":{"line":17,"column":5}},{"start":{},"end":{}}],"line":14},"1":{"loc":{"start":{"line":34,"column":4},"end":{"line":39,"column":7}},"type":"if","locations":[{"start":{"line":34,"column":4},"end":{"line":39,"column":7}},{"start":{},"end":{}}],"line":34},"2":{"loc":{"start":{"line":42,"column":4},"end":{"line":45,"column":5}},"type":"if","locations":[{"start":{"line":42,"column":4},"end":{"line":45,"column":5}},{"start":{},"end":{}}],"line":42},"3":{"loc":{"start":{"line":66,"column":4},"end":{"line":72,"column":5}},"type":"if","locations":[{"start":{"line":66,"column":4},"end":{"line":72,"column":5}},{"start":{},"end":{}}],"line":66},"4":{"loc":{"start":{"line":87,"column":4},"end":{"line":90,"column":5}},"type":"if","locations":[{"start":{"line":87,"column":4},"end":{"line":90,"column":5}},{"start":{},"end":{}}],"line":87},"5":{"loc":{"start":{"line":127,"column":4},"end":{"line":130,"column":5}},"type":"if","locations":[{"start":{"line":127,"column":4},"end":{"line":130,"column":5}},{"start":{},"end":{}}],"line":127},"6":{"loc":{"start":{"line":139,"column":4},"end":{"line":141,"column":5}},"type":"if","locations":[{"start":{"line":139,"column":4},"end":{"line":141,"column":5}},{"start":{},"end":{}}],"line":139}},"s":{"0":13,"1":13,"2":13,"3":13,"4":13,"5":13,"6":13,"7":13,"8":13,"9":2972,"10":2972,"11":2972,"12":2970,"13":2970,"14":2,"15":2,"16":1,"17":1,"18":1,"19":1,"20":13,"21":4650,"22":4650,"23":4650,"24":2,"25":4648,"26":4647,"27":4642,"28":4642,"29":5,"30":5,"31":4,"32":2,"33":2,"34":2,"35":2,"36":2,"37":13,"38":3,"39":3,"40":3,"41":3,"42":1,"43":1,"44":2,"45":2,"46":1,"47":1,"48":1,"49":1,"50":13,"51":4,"52":4,"53":4,"54":4,"55":1,"56":1,"57":3,"58":3,"59":2,"60":1,"61":1,"62":1,"63":1,"64":1,"65":1,"66":1,"67":1,"68":1,"69":13},"f":{"0":2972,"1":4650,"2":3,"3":4,"4":1},"b":{"0":[2970,2],"1":[2,4648],"2":[4642,5],"3":[2,2],"4":[1,2],"5":[1,3],"6":[1,1]},"_coverageSchema":"1a1c01bbd47fc00a2c39e90264f33305004495a9","hash":"2a55cd8cbaf3dc07bc4e071b35f4064f1fb3808a"}
,"E:\\WEB_DEVELOPMENT\\SIP_TRACKER_AND_PORTFOLIO_VALUATION\\SIPTRACKER-BACKEND\\controller\\authController.js": {"path":"E:\\WEB_DEVELOPMENT\\SIP_TRACKER_AND_PORTFOLIO_VALUATION\\SIPTRACKER-BACKEND\\controller\\authController.js","statementMap":{"0":{"start":{"line":1,"column":12},"end":{"line":1,"column":35}},"1":{"start":{"line":2,"column":15},"end":{"line":2,"column":32}},"2":{"start":{"line":3,"column":11},"end":{"line":3,"column":45}},"3":{"start":{"line":4,"column":27},"end":{"line":4,"column":63}},"4":{"start":{"line":5,"column":41},"end":{"line":5,"column":81}},"5":{"start":{"line":6,"column":24},"end":{"line":6,"column":54}},"6":{"start":{"line":8,"column":19},"end":{"line":8,"column":68}},"7":{"start":{"line":10,"column":17},"end":{"line":37,"column":1}},"8":{"start":{"line":11,"column":4},"end":{"line":36,"column":5}},"9":{"start":{"line":12,"column":105},"end":{"line":12,"column":113}},"10":{"start":{"line":13,"column":31},"end":{"line":13,"column":69}},"11":{"start":{"line":14,"column":29},"end":{"line":14,"column":68}},"12":{"start":{"line":16,"column":8},"end":{"line":18,"column":9}},"13":{"start":{"line":17,"column":12},"end":{"line":17,"column":79}},"14":{"start":{"line":19,"column":32},"end":{"line":19,"column":63}},"15":{"start":{"line":20,"column":28},"end":{"line":20,"column":99}},"16":{"start":{"line":21,"column":27},"end":{"line":21,"column":80}},"17":{"start":{"line":23,"column":24},"end":{"line":23,"column":50}},"18":{"start":{"line":24,"column":36},"end":{"line":25,"column":70}},"19":{"start":{"line":26,"column":31},"end":{"line":26,"column":148}},"20":{"start":{"line":28,"column":8},"end":{"line":31,"column":11}},"21":{"start":{"line":33,"column":8},"end":{"line":35,"column":11}},"22":{"start":{"line":40,"column":14},"end":{"line":102,"column":1}},"23":{"start":{"line":41,"column":4},"end":{"line":101,"column":5}},"24":{"start":{"line":42,"column":34},"end":{"line":42,"column":42}},"25":{"start":{"line":43,"column":8},"end":{"line":45,"column":9}},"26":{"start":{"line":44,"column":12},"end":{"line":44,"column":81}},"27":{"start":{"line":47,"column":27},"end":{"line":47,"column":65}},"28":{"start":{"line":49,"column":8},"end":{"line":65,"column":9}},"29":{"start":{"line":50,"column":12},"end":{"line":50,"column":42}},"30":{"start":{"line":51,"column":12},"end":{"line":51,"column":60}},"31":{"start":{"line":54,"column":26},"end":{"line":55,"column":86}},"32":{"start":{"line":56,"column":27},"end":{"line":56,"column":57}},"33":{"start":{"line":57,"column":12},"end":{"line":59,"column":13}},"34":{"start":{"line":58,"column":16},"end":{"line":58,"column":88}},"35":{"start":{"line":60,"column":12},"end":{"line":60,"column":34}},"36":{"start":{"line":61,"column":12},"end":{"line":64,"column":14}},"37":{"start":{"line":67,"column":8},"end":{"line":67,"column":35}},"38":{"start":{"line":69,"column":24},"end":{"line":69,"column":69}},"39":{"start":{"line":70,"column":8},"end":{"line":72,"column":9}},"40":{"start":{"line":71,"column":12},"end":{"line":71,"column":84}},"41":{"start":{"line":74,"column":22},"end":{"line":77,"column":10}},"42":{"start":{"line":79,"column":8},"end":{"line":85,"column":10}},"43":{"start":{"line":87,"column":8},"end":{"line":96,"column":10}},"44":{"start":{"line":98,"column":8},"end":{"line":100,"column":11}},"45":{"start":{"line":104,"column":15},"end":{"line":121,"column":1}},"46":{"start":{"line":105,"column":4},"end":{"line":120,"column":5}},"47":{"start":{"line":106,"column":27},"end":{"line":106,"column":52}},"48":{"start":{"line":107,"column":8},"end":{"line":109,"column":9}},"49":{"start":{"line":108,"column":12},"end":{"line":108,"column":78}},"50":{"start":{"line":111,"column":22},"end":{"line":111,"column":46}},"51":{"start":{"line":112,"column":8},"end":{"line":115,"column":10}},"52":{"start":{"line":117,"column":8},"end":{"line":117,"column":67}},"53":{"start":{"line":119,"column":8},"end":{"line":119,"column":52}},"54":{"start":{"line":124,"column":0},"end":{"line":128,"column":2}}},"fnMap":{"0":{"name":"(anonymous_0)","decl":{"start":{"line":10,"column":17},"end":{"line":10,"column":18}},"loc":{"start":{"line":10,"column":37},"end":{"line":37,"column":1}},"line":10},"1":{"name":"(anonymous_1)","decl":{"start":{"line":40,"column":14},"end":{"line":40,"column":15}},"loc":{"start":{"line":40,"column":33},"end":{"line":102,"column":1}},"line":40},"2":{"name":"(anonymous_2)","decl":{"start":{"line":104,"column":15},"end":{"line":104,"column":16}},"loc":{"start":{"line":104,"column":35},"end":{"line":121,"column":1}},"line":104}},"branchMap":{"0":{"loc":{"start":{"line":16,"column":8},"end":{"line":18,"column":9}},"type":"if","locations":[{"start":{"line":16,"column":8},"end":{"line":18,"column":9}},{"start":{},"end":{}}],"line":16},"1":{"loc":{"start":{"line":43,"column":8},"end":{"line":45,"column":9}},"type":"if","locations":[{"start":{"line":43,"column":8},"end":{"line":45,"column":9}},{"start":{},"end":{}}],"line":43},"2":{"loc":{"start":{"line":43,"column":11},"end":{"line":43,"column":30}},"type":"binary-expr","locations":[{"start":{"line":43,"column":11},"end":{"line":43,"column":17}},{"start":{"line":43,"column":21},"end":{"line":43,"column":30}}],"line":43},"3":{"loc":{"start":{"line":49,"column":8},"end":{"line":65,"column":9}},"type":"if","locations":[{"start":{"line":49,"column":8},"end":{"line":65,"column":9}},{"start":{"line":53,"column":12},"end":{"line":65,"column":9}}],"line":49},"4":{"loc":{"start":{"line":57,"column":12},"end":{"line":59,"column":13}},"type":"if","locations":[{"start":{"line":57,"column":12},"end":{"line":59,"column":13}},{"start":{},"end":{}}],"line":57},"5":{"loc":{"start":{"line":70,"column":8},"end":{"line":72,"column":9}},"type":"if","locations":[{"start":{"line":70,"column":8},"end":{"line":72,"column":9}},{"start":{},"end":{}}],"line":70},"6":{"loc":{"start":{"line":107,"column":8},"end":{"line":109,"column":9}},"type":"if","locations":[{"start":{"line":107,"column":8},"end":{"line":109,"column":9}},{"start":{},"end":{}}],"line":107}},"s":{"0":12,"1":12,"2":12,"3":12,"4":12,"5":12,"6":12,"7":12,"8":4373,"9":4373,"10":4373,"11":4373,"12":4372,"13":3,"14":4369,"15":4369,"16":4369,"17":4369,"18":1,"19":1,"20":1,"21":4369,"22":12,"23":2014,"24":2014,"25":2014,"26":1,"27":2013,"28":2013,"29":2010,"30":2010,"31":3,"32":3,"33":2,"34":1,"35":1,"36":1,"37":2011,"38":2011,"39":2011,"40":1,"41":2010,"42":2010,"43":2010,"44":1,"45":12,"46":3,"47":3,"48":3,"49":1,"50":2,"51":2,"52":1,"53":1,"54":12},"f":{"0":4373,"1":2014,"2":3},"b":{"0":[3,4369],"1":[1,2013],"2":[2014,2014],"3":[2010,3],"4":[1,1],"5":[1,2010],"6":[1,2]},"_coverageSchema":"1a1c01bbd47fc00a2c39e90264f33305004495a9","hash":"17283896c39fcc3332617f1f899bdc12361c768a"}
,"E:\\WEB_DEVELOPMENT\\SIP_TRACKER_AND_PORTFOLIO_VALUATION\\SIPTRACKER-BACKEND\\controller\\dashboardController.js": {"path":"E:\\WEB_DEVELOPMENT\\SIP_TRACKER_AND_PORTFOLIO_VALUATION\\SIPTRACKER-BACKEND\\controller\\dashboardController.js","statementMap":{"0":{"start":{"line":1,"column":11},"end":{"line":1,"column":42}},"1":{"start":{"line":3,"column":17},"end":{"line":3,"column":46}},"2":{"start":{"line":3,"column":28},"end":{"line":3,"column":46}},"3":{"start":{"line":5,"column":25},"end":{"line":184,"column":1}},"4":{"start":{"line":6,"column":4},"end":{"line":183,"column":5}},"5":{"start":{"line":7,"column":27},"end":{"line":7,"column":46}},"6":{"start":{"line":9,"column":31},"end":{"line":16,"column":9}},"7":{"start":{"line":18,"column":29},"end":{"line":54,"column":9}},"8":{"start":{"line":56,"column":34},"end":{"line":72,"column":9}},"9":{"start":{"line":74,"column":30},"end":{"line":93,"column":9}},"10":{"start":{"line":95,"column":27},"end":{"line":110,"column":9}},"11":{"start":{"line":117,"column":12},"end":{"line":122,"column":10}},"12":{"start":{"line":124,"column":24},"end":{"line":124,"column":45}},"13":{"start":{"line":125,"column":32},"end":{"line":125,"column":66}},"14":{"start":{"line":126,"column":29},"end":{"line":126,"column":60}},"15":{"start":{"line":127,"column":29},"end":{"line":127,"column":59}},"16":{"start":{"line":128,"column":27},"end":{"line":128,"column":56}},"17":{"start":{"line":130,"column":25},"end":{"line":138,"column":11}},"18":{"start":{"line":130,"column":63},"end":{"line":138,"column":9}},"19":{"start":{"line":140,"column":27},"end":{"line":148,"column":11}},"20":{"start":{"line":140,"column":54},"end":{"line":148,"column":9}},"21":{"start":{"line":150,"column":29},"end":{"line":155,"column":11}},"22":{"start":{"line":150,"column":75},"end":{"line":155,"column":9}},"23":{"start":{"line":157,"column":29},"end":{"line":161,"column":11}},"24":{"start":{"line":157,"column":62},"end":{"line":161,"column":9}},"25":{"start":{"line":163,"column":8},"end":{"line":176,"column":11}},"26":{"start":{"line":180,"column":8},"end":{"line":182,"column":11}},"27":{"start":{"line":186,"column":0},"end":{"line":188,"column":2}}},"fnMap":{"0":{"name":"(anonymous_0)","decl":{"start":{"line":3,"column":17},"end":{"line":3,"column":18}},"loc":{"start":{"line":3,"column":28},"end":{"line":3,"column":46}},"line":3},"1":{"name":"(anonymous_1)","decl":{"start":{"line":5,"column":25},"end":{"line":5,"column":26}},"loc":{"start":{"line":5,"column":45},"end":{"line":184,"column":1}},"line":5},"2":{"name":"(anonymous_2)","decl":{"start":{"line":130,"column":49},"end":{"line":130,"column":50}},"loc":{"start":{"line":130,"column":63},"end":{"line":138,"column":9}},"line":130},"3":{"name":"(anonymous_3)","decl":{"start":{"line":140,"column":40},"end":{"line":140,"column":41}},"loc":{"start":{"line":140,"column":54},"end":{"line":148,"column":9}},"line":140},"4":{"name":"(anonymous_4)","decl":{"start":{"line":150,"column":57},"end":{"line":150,"column":58}},"loc":{"start":{"line":150,"column":75},"end":{"line":155,"column":9}},"line":150},"5":{"name":"(anonymous_5)","decl":{"start":{"line":157,"column":50},"end":{"line":157,"column":51}},"loc":{"start":{"line":157,"column":62},"end":{"line":161,"column":9}},"line":157}},"branchMap":{"0":{"loc":{"start":{"line":3,"column":35},"end":{"line":3,"column":45}},"type":"binary-expr","locations":[{"start":{"line":3,"column":35},"end":{"line":3,"column":40}},{"start":{"line":3,"column":44},"end":{"line":3,"column":45}}],"line":3},"1":{"loc":{"start":{"line":145,"column":24},"end":{"line":147,"column":19}},"type":"cond-expr","locations":[{"start":{"line":146,"column":18},"end":{"line":146,"column":83}},{"start":{"line":147,"column":18},"end":{"line":147,"column":19}}],"line":145}},"s":{"0":12,"1":12,"2":82255,"3":12,"4":4569,"5":4569,"6":4569,"7":4569,"8":4569,"9":4569,"10":4569,"11":4569,"12":4568,"13":4568,"14":4568,"15":4568,"16":4568,"17":4568,"18":4567,"19":4568,"20":4567,"21":4568,"22":4576,"23":4568,"24":4575,"25":4568,"26":1,"27":12},"f":{"0":82255,"1":4569,"2":4567,"3":4567,"4":4576,"5":4575},"b":{"0":[82255,45590],"1":[4566,1]},"_coverageSchema":"1a1c01bbd47fc00a2c39e90264f33305004495a9","hash":"6021f855dcf02b421d2a1f577d325685971ff964"}
,"E:\\WEB_DEVELOPMENT\\SIP_TRACKER_AND_PORTFOLIO_VALUATION\\SIPTRACKER-BACKEND\\controller\\fundController.js": {"path":"E:\\WEB_DEVELOPMENT\\SIP_TRACKER_AND_PORTFOLIO_VALUATION\\SIPTRACKER-BACKEND\\controller\\fundController.js","statementMap":{"0":{"start":{"line":1,"column":11},"end":{"line":1,"column":45}},"1":{"start":{"line":2,"column":24},"end":{"line":2,"column":54}},"2":{"start":{"line":4,"column":19},"end":{"line":15,"column":1}},"3":{"start":{"line":5,"column":4},"end":{"line":14,"column":5}},"4":{"start":{"line":6,"column":59},"end":{"line":6,"column":67}},"5":{"start":{"line":7,"column":22},"end":{"line":7,"column":132}},"6":{"start":{"line":8,"column":23},"end":{"line":8,"column":87}},"7":{"start":{"line":10,"column":8},"end":{"line":10,"column":43}},"8":{"start":{"line":11,"column":8},"end":{"line":11,"column":114}},"9":{"start":{"line":13,"column":8},"end":{"line":13,"column":95}},"10":{"start":{"line":17,"column":17},"end":{"line":39,"column":1}},"11":{"start":{"line":18,"column":4},"end":{"line":38,"column":5}},"12":{"start":{"line":19,"column":28},"end":{"line":19,"column":62}},"13":{"start":{"line":21,"column":8},"end":{"line":24,"column":9}},"14":{"start":{"line":22,"column":12},"end":{"line":22,"column":58}},"15":{"start":{"line":23,"column":12},"end":{"line":23,"column":65}},"16":{"start":{"line":26,"column":22},"end":{"line":27,"column":45}},"17":{"start":{"line":28,"column":23},"end":{"line":28,"column":44}},"18":{"start":{"line":30,"column":8},"end":{"line":33,"column":10}},"19":{"start":{"line":34,"column":8},"end":{"line":34,"column":52}},"20":{"start":{"line":35,"column":8},"end":{"line":35,"column":49}},"21":{"start":{"line":37,"column":8},"end":{"line":37,"column":95}},"22":{"start":{"line":41,"column":19},"end":{"line":55,"column":1}},"23":{"start":{"line":42,"column":4},"end":{"line":54,"column":5}},"24":{"start":{"line":43,"column":24},"end":{"line":43,"column":42}},"25":{"start":{"line":44,"column":39},"end":{"line":44,"column":47}},"26":{"start":{"line":45,"column":22},"end":{"line":45,"column":119}},"27":{"start":{"line":46,"column":23},"end":{"line":46,"column":76}},"28":{"start":{"line":48,"column":8},"end":{"line":48,"column":43}},"29":{"start":{"line":49,"column":8},"end":{"line":49,"column":53}},"30":{"start":{"line":50,"column":8},"end":{"line":50,"column":113}},"31":{"start":{"line":52,"column":8},"end":{"line":52,"column":25}},"32":{"start":{"line":53,"column":8},"end":{"line":53,"column":96}},"33":{"start":{"line":58,"column":0},"end":{"line":62,"column":1}}},"fnMap":{"0":{"name":"(anonymous_0)","decl":{"start":{"line":4,"column":19},"end":{"line":4,"column":20}},"loc":{"start":{"line":4,"column":38},"end":{"line":15,"column":1}},"line":4},"1":{"name":"(anonymous_1)","decl":{"start":{"line":17,"column":17},"end":{"line":17,"column":18}},"loc":{"start":{"line":17,"column":36},"end":{"line":39,"column":1}},"line":17},"2":{"name":"(anonymous_2)","decl":{"start":{"line":41,"column":19},"end":{"line":41,"column":20}},"loc":{"start":{"line":41,"column":38},"end":{"line":55,"column":1}},"line":41}},"branchMap":{"0":{"loc":{"start":{"line":21,"column":8},"end":{"line":24,"column":9}},"type":"if","locations":[{"start":{"line":21,"column":8},"end":{"line":24,"column":9}},{"start":{},"end":{}}],"line":21}},"s":{"0":12,"1":12,"2":12,"3":3,"4":3,"5":3,"6":3,"7":2,"8":2,"9":1,"10":12,"11":3134,"12":3134,"13":3134,"14":3131,"15":3131,"16":3,"17":3,"18":2,"19":2,"20":2,"21":1,"22":12,"23":3,"24":3,"25":3,"26":3,"27":3,"28":2,"29":2,"30":2,"31":1,"32":1,"33":12},"f":{"0":3,"1":3134,"2":3},"b":{"0":[3131,3]},"_coverageSchema":"1a1c01bbd47fc00a2c39e90264f33305004495a9","hash":"546e70aff0a1566949c2d04aed363916a608d527"}
,"E:\\WEB_DEVELOPMENT\\SIP_TRACKER_AND_PORTFOLIO_VALUATION\\SIPTRACKER-BACKEND\\controller\\profileController.js": {"path":"E:\\WEB_DEVELOPMENT\\SIP_TRACKER_AND_PORTFOLIO_VALUATION\\SIPTRACKER-BACKEND\\controller\\profileController.js","statementMap":{"0":{"start":{"line":1,"column":11},"end":{"line":1,"column":42}},"1":{"start":{"line":2,"column":35},"end":{"line":2,"column":73}},"2":{"start":{"line":4,"column":19},"end":{"line":28,"column":1}},"3":{"start":{"line":5,"column":4},"end":{"line":27,"column":5}},"4":{"start":{"line":6,"column":27},"end":{"line":6,"column":46}},"5":{"start":{"line":7,"column":28},"end":{"line":7,"column":68}},"6":{"start":{"line":8,"column":23},"end":{"line":15,"column":37}},"7":{"start":{"line":17,"column":12},"end":{"line":17,"column":60}},"8":{"start":{"line":18,"column":8},"end":{"line":20,"column":11}},"9":{"start":{"line":24,"column":8},"end":{"line":26,"column":11}},"10":{"start":{"line":30,"column":0},"end":{"line":32,"column":2}}},"fnMap":{"0":{"name":"(anonymous_0)","decl":{"start":{"line":4,"column":19},"end":{"line":4,"column":20}},"loc":{"start":{"line":4,"column":39},"end":{"line":28,"column":1}},"line":4}},"branchMap":{},"s":{"0":12,"1":12,"2":12,"3":5237,"4":5237,"5":5237,"6":5236,"7":5236,"8":5235,"9":2,"10":12},"f":{"0":5237},"b":{},"_coverageSchema":"1a1c01bbd47fc00a2c39e90264f33305004495a9","hash":"59a110373038b26b2dca444bc7d7387f0ac3db67"}
,"E:\\WEB_DEVELOPMENT\\SIP_TRACKER_AND_PORTFOLIO_VALUATION\\SIPTRACKER-BACKEND\\controller\\sipController.js": {"path":"E:\\WEB_DEVELOPMENT\\SIP_TRACKER_AND_PORTFOLIO_VALUATION\\SIPTRACKER-BACKEND\\controller\\sipController.js","statementMap":{"0":{"start":{"line":1,"column":11},"end":{"line":1,"column":45}},"1":{"start":{"line":2,"column":22},"end":{"line":2,"column":52}},"2":{"start":{"line":3,"column":35},"end":{"line":3,"column":76}},"3":{"start":{"line":5,"column":18},"end":{"line":27,"column":1}},"4":{"start":{"line":6,"column":4},"end":{"line":26,"column":5}},"5":{"start":{"line":7,"column":28},"end":{"line":7,"column":47}},"6":{"start":{"line":8,"column":29},"end":{"line":8,"column":70}},"7":{"start":{"line":9,"column":93},"end":{"line":9,"column":101}},"8":{"start":{"line":11,"column":8},"end":{"line":15,"column":9}},"9":{"start":{"line":12,"column":12},"end":{"line":14,"column":15}},"10":{"start":{"line":17,"column":22},"end":{"line":17,"column":190}},"11":{"start":{"line":18,"column":23},"end":{"line":18,"column":138}},"12":{"start":{"line":20,"column":8},"end":{"line":20,"column":62}},"13":{"start":{"line":21,"column":8},"end":{"line":21,"column":111}},"14":{"start":{"line":24,"column":8},"end":{"line":24,"column":27}},"15":{"start":{"line":25,"column":8},"end":{"line":25,"column":96}},"16":{"start":{"line":29,"column":19},"end":{"line":56,"column":1}},"17":{"start":{"line":30,"column":4},"end":{"line":55,"column":5}},"18":{"start":{"line":31,"column":23},"end":{"line":31,"column":40}},"19":{"start":{"line":32,"column":26},"end":{"line":32,"column":64}},"20":{"start":{"line":33,"column":8},"end":{"line":36,"column":9}},"21":{"start":{"line":34,"column":12},"end":{"line":34,"column":58}},"22":{"start":{"line":35,"column":12},"end":{"line":35,"column":63}},"23":{"start":{"line":38,"column":22},"end":{"line":41,"column":44}},"24":{"start":{"line":42,"column":23},"end":{"line":42,"column":54}},"25":{"start":{"line":43,"column":8},"end":{"line":45,"column":9}},"26":{"start":{"line":44,"column":12},"end":{"line":44,"column":72}},"27":{"start":{"line":47,"column":8},"end":{"line":49,"column":10}},"28":{"start":{"line":51,"column":8},"end":{"line":51,"column":52}},"29":{"start":{"line":52,"column":8},"end":{"line":52,"column":52}},"30":{"start":{"line":54,"column":8},"end":{"line":54,"column":102}},"31":{"start":{"line":58,"column":19},"end":{"line":90,"column":1}},"32":{"start":{"line":60,"column":4},"end":{"line":89,"column":5}},"33":{"start":{"line":62,"column":27},"end":{"line":62,"column":46}},"34":{"start":{"line":64,"column":22},"end":{"line":76,"column":9}},"35":{"start":{"line":79,"column":12},"end":{"line":79,"column":47}},"36":{"start":{"line":81,"column":8},"end":{"line":81,"column":49}},"37":{"start":{"line":85,"column":8},"end":{"line":88,"column":11}},"38":{"start":{"line":92,"column":20},"end":{"line":156,"column":1}},"39":{"start":{"line":93,"column":19},"end":{"line":93,"column":37}},"40":{"start":{"line":94,"column":4},"end":{"line":155,"column":5}},"41":{"start":{"line":95,"column":23},"end":{"line":95,"column":40}},"42":{"start":{"line":96,"column":8},"end":{"line":96,"column":36}},"43":{"start":{"line":97,"column":25},"end":{"line":97,"column":63}},"44":{"start":{"line":98,"column":26},"end":{"line":98,"column":64}},"45":{"start":{"line":100,"column":8},"end":{"line":103,"column":9}},"46":{"start":{"line":101,"column":12},"end":{"line":101,"column":43}},"47":{"start":{"line":102,"column":12},"end":{"line":102,"column":72}},"48":{"start":{"line":105,"column":20},"end":{"line":105,"column":37}},"49":{"start":{"line":106,"column":25},"end":{"line":106,"column":107}},"50":{"start":{"line":107,"column":26},"end":{"line":107,"column":69}},"51":{"start":{"line":109,"column":8},"end":{"line":112,"column":9}},"52":{"start":{"line":110,"column":12},"end":{"line":110,"column":43}},"53":{"start":{"line":111,"column":12},"end":{"line":111,"column":79}},"54":{"start":{"line":114,"column":20},"end":{"line":114,"column":37}},"55":{"start":{"line":115,"column":22},"end":{"line":115,"column":52}},"56":{"start":{"line":117,"column":33},"end":{"line":118,"column":68}},"57":{"start":{"line":119,"column":34},"end":{"line":119,"column":133}},"58":{"start":{"line":121,"column":31},"end":{"line":121,"column":64}},"59":{"start":{"line":122,"column":33},"end":{"line":123,"column":73}},"60":{"start":{"line":124,"column":8},"end":{"line":125,"column":74}},"61":{"start":{"line":128,"column":34},"end":{"line":128,"column":98}},"62":{"start":{"line":129,"column":30},"end":{"line":129,"column":99}},"63":{"start":{"line":131,"column":8},"end":{"line":143,"column":9}},"64":{"start":{"line":132,"column":28},"end":{"line":132,"column":49}},"65":{"start":{"line":133,"column":29},"end":{"line":133,"column":80}},"66":{"start":{"line":134,"column":27},"end":{"line":134,"column":118}},"67":{"start":{"line":136,"column":39},"end":{"line":136,"column":126}},"68":{"start":{"line":137,"column":12},"end":{"line":137,"column":91}},"69":{"start":{"line":140,"column":39},"end":{"line":141,"column":40}},"70":{"start":{"line":142,"column":12},"end":{"line":142,"column":123}},"71":{"start":{"line":144,"column":8},"end":{"line":144,"column":37}},"72":{"start":{"line":145,"column":8},"end":{"line":145,"column":61}},"73":{"start":{"line":146,"column":8},"end":{"line":146,"column":61}},"74":{"start":{"line":147,"column":8},"end":{"line":147,"column":46}},"75":{"start":{"line":148,"column":8},"end":{"line":148,"column":97}},"76":{"start":{"line":150,"column":8},"end":{"line":150,"column":39}},"77":{"start":{"line":151,"column":8},"end":{"line":151,"column":25}},"78":{"start":{"line":152,"column":8},"end":{"line":152,"column":93}},"79":{"start":{"line":154,"column":8},"end":{"line":154,"column":25}},"80":{"start":{"line":158,"column":27},"end":{"line":199,"column":1}},"81":{"start":{"line":159,"column":4},"end":{"line":198,"column":5}},"82":{"start":{"line":160,"column":23},"end":{"line":160,"column":40}},"83":{"start":{"line":161,"column":35},"end":{"line":161,"column":82}},"84":{"start":{"line":162,"column":8},"end":{"line":165,"column":9}},"85":{"start":{"line":163,"column":12},"end":{"line":163,"column":60}},"86":{"start":{"line":164,"column":12},"end":{"line":164,"column":72}},"87":{"start":{"line":167,"column":22},"end":{"line":184,"column":33}},"88":{"start":{"line":186,"column":23},"end":{"line":186,"column":54}},"89":{"start":{"line":187,"column":8},"end":{"line":190,"column":10}},"90":{"start":{"line":191,"column":8},"end":{"line":191,"column":55}},"91":{"start":{"line":193,"column":8},"end":{"line":193,"column":49}},"92":{"start":{"line":195,"column":8},"end":{"line":197,"column":11}},"93":{"start":{"line":201,"column":0},"end":{"line":207,"column":1}}},"fnMap":{"0":{"name":"(anonymous_0)","decl":{"start":{"line":5,"column":18},"end":{"line":5,"column":19}},"loc":{"start":{"line":5,"column":38},"end":{"line":27,"column":1}},"line":5},"1":{"name":"(anonymous_1)","decl":{"start":{"line":29,"column":19},"end":{"line":29,"column":20}},"loc":{"start":{"line":29,"column":39},"end":{"line":56,"column":1}},"line":29},"2":{"name":"(anonymous_2)","decl":{"start":{"line":58,"column":19},"end":{"line":58,"column":20}},"loc":{"start":{"line":58,"column":39},"end":{"line":90,"column":1}},"line":58},"3":{"name":"(anonymous_3)","decl":{"start":{"line":92,"column":20},"end":{"line":92,"column":21}},"loc":{"start":{"line":92,"column":40},"end":{"line":156,"column":1}},"line":92},"4":{"name":"(anonymous_4)","decl":{"start":{"line":158,"column":27},"end":{"line":158,"column":28}},"loc":{"start":{"line":158,"column":46},"end":{"line":199,"column":1}},"line":158}},"branchMap":{"0":{"loc":{"start":{"line":9,"column":68},"end":{"line":9,"column":89}},"type":"default-arg","locations":[{"start":{"line":9,"column":81},"end":{"line":9,"column":89}}],"line":9},"1":{"loc":{"start":{"line":11,"column":8},"end":{"line":15,"column":9}},"type":"if","locations":[{"start":{"line":11,"column":8},"end":{"line":15,"column":9}},{"start":{},"end":{}}],"line":11},"2":{"loc":{"start":{"line":11,"column":12},"end":{"line":11,"column":76}},"type":"binary-expr","locations":[{"start":{"line":11,"column":12},"end":{"line":11,"column":20}},{"start":{"line":11,"column":24},"end":{"line":11,"column":35}},{"start":{"line":11,"column":39},"end":{"line":11,"column":48}},{"start":{"line":11,"column":52},"end":{"line":11,"column":63}},{"start":{"line":11,"column":67},"end":{"line":11,"column":76}}],"line":11},"3":{"loc":{"start":{"line":33,"column":8},"end":{"line":36,"column":9}},"type":"if","locations":[{"start":{"line":33,"column":8},"end":{"line":36,"column":9}},{"start":{},"end":{}}],"line":33},"4":{"loc":{"start":{"line":43,"column":8},"end":{"line":45,"column":9}},"type":"if","locations":[{"start":{"line":43,"column":8},"end":{"line":45,"column":9}},{"start":{},"end":{}}],"line":43},"5":{"loc":{"start":{"line":100,"column":8},"end":{"line":103,"column":9}},"type":"if","locations":[{"start":{"line":100,"column":8},"end":{"line":103,"column":9}},{"start":{},"end":{}}],"line":100},"6":{"loc":{"start":{"line":109,"column":8},"end":{"line":112,"column":9}},"type":"if","locations":[{"start":{"line":109,"column":8},"end":{"line":112,"column":9}},{"start":{},"end":{}}],"line":109},"7":{"loc":{"start":{"line":131,"column":8},"end":{"line":143,"column":9}},"type":"if","locations":[{"start":{"line":131,"column":8},"end":{"line":143,"column":9}},{"start":{"line":139,"column":12},"end":{"line":143,"column":9}}],"line":131},"8":{"loc":{"start":{"line":162,"column":8},"end":{"line":165,"column":9}},"type":"if","locations":[{"start":{"line":162,"column":8},"end":{"line":165,"column":9}},{"start":{},"end":{}}],"line":162}},"s":{"0":12,"1":12,"2":12,"3":12,"4":3,"5":3,"6":3,"7":3,"8":3,"9":1,"10":2,"11":2,"12":1,"13":1,"14":1,"15":1,"16":12,"17":3084,"18":3084,"19":3084,"20":3084,"21":3081,"22":3081,"23":3,"24":3,"25":2,"26":1,"27":1,"28":1,"29":1,"30":1,"31":12,"32":3,"33":3,"34":3,"35":3,"36":2,"37":1,"38":12,"39":5,"40":5,"41":5,"42":5,"43":5,"44":5,"45":4,"46":1,"47":1,"48":3,"49":3,"50":3,"51":3,"52":1,"53":1,"54":2,"55":2,"56":2,"57":2,"58":2,"59":2,"60":2,"61":2,"62":2,"63":2,"64":1,"65":1,"66":1,"67":1,"68":1,"69":1,"70":1,"71":2,"72":2,"73":2,"74":2,"75":2,"76":1,"77":1,"78":1,"79":5,"80":12,"81":4714,"82":4714,"83":4714,"84":4714,"85":4711,"86":4711,"87":3,"88":3,"89":2,"90":2,"91":2,"92":1,"93":12},"f":{"0":3,"1":3084,"2":3,"3":5,"4":4714},"b":{"0":[3],"1":[1,2],"2":[3,3,3,3,3],"3":[3081,3],"4":[1,1],"5":[1,3],"6":[1,2],"7":[1,1],"8":[4711,3]},"_coverageSchema":"1a1c01bbd47fc00a2c39e90264f33305004495a9","hash":"5d44ab7234f6155482ea138fbf1c28afe52df332"}
,"E:\\WEB_DEVELOPMENT\\SIP_TRACKER_AND_PORTFOLIO_VALUATION\\SIPTRACKER-BACKEND\\controller\\testing.js": {"path":"E:\\WEB_DEVELOPMENT\\SIP_TRACKER_AND_PORTFOLIO_VALUATION\\SIPTRACKER-BACKEND\\controller\\testing.js","statementMap":{"0":{"start":{"line":2,"column":4},"end":{"line":2,"column":23}},"1":{"start":{"line":5,"column":0},"end":{"line":5,"column":25}}},"fnMap":{"0":{"name":"sum","decl":{"start":{"line":1,"column":9},"end":{"line":1,"column":12}},"loc":{"start":{"line":1,"column":25},"end":{"line":3,"column":1}},"line":1}},"branchMap":{},"s":{"0":4,"1":1},"f":{"0":4},"b":{},"_coverageSchema":"1a1c01bbd47fc00a2c39e90264f33305004495a9","hash":"05b2b655f0cfa065bb941a823e0d420b557055d5"}
,"E:\\WEB_DEVELOPMENT\\SIP_TRACKER_AND_PORTFOLIO_VALUATION\\SIPTRACKER-BACKEND\\middlewares\\authMiddleware.js": {"path":"E:\\WEB_DEVELOPMENT\\SIP_TRACKER_AND_PORTFOLIO_VALUATION\\SIPTRACKER-BACKEND\\middlewares\\authMiddleware.js","statementMap":{"0":{"start":{"line":1,"column":22},"end":{"line":1,"column":55}},"1":{"start":{"line":3,"column":24},"end":{"line":3,"column":64}},"2":{"start":{"line":5,"column":25},"end":{"line":31,"column":1}},"3":{"start":{"line":6,"column":4},"end":{"line":30,"column":5}},"4":{"start":{"line":7,"column":27},"end":{"line":7,"column":52}},"5":{"start":{"line":9,"column":8},"end":{"line":11,"column":9}},"6":{"start":{"line":10,"column":12},"end":{"line":10,"column":60}},"7":{"start":{"line":13,"column":22},"end":{"line":13,"column":46}},"8":{"start":{"line":15,"column":8},"end":{"line":17,"column":9}},"9":{"start":{"line":16,"column":12},"end":{"line":16,"column":67}},"10":{"start":{"line":19,"column":24},"end":{"line":19,"column":40}},"11":{"start":{"line":21,"column":8},"end":{"line":21,"column":27}},"12":{"start":{"line":23,"column":8},"end":{"line":23,"column":15}},"13":{"start":{"line":25,"column":8},"end":{"line":29,"column":10}},"14":{"start":{"line":33,"column":0},"end":{"line":33,"column":34}}},"fnMap":{"0":{"name":"(anonymous_0)","decl":{"start":{"line":5,"column":25},"end":{"line":5,"column":26}},"loc":{"start":{"line":5,"column":45},"end":{"line":31,"column":1}},"line":5}},"branchMap":{"0":{"loc":{"start":{"line":9,"column":8},"end":{"line":11,"column":9}},"type":"if","locations":[{"start":{"line":9,"column":8},"end":{"line":11,"column":9}},{"start":{},"end":{}}],"line":9},"1":{"loc":{"start":{"line":15,"column":8},"end":{"line":17,"column":9}},"type":"if","locations":[{"start":{"line":15,"column":8},"end":{"line":17,"column":9}},{"start":{},"end":{}}],"line":15}},"s":{"0":2,"1":2,"2":2,"3":0,"4":0,"5":0,"6":0,"7":0,"8":0,"9":0,"10":0,"11":0,"12":0,"13":0,"14":2},"f":{"0":0},"b":{"0":[0,0],"1":[0,0]},"_coverageSchema":"1a1c01bbd47fc00a2c39e90264f33305004495a9","hash":"c832d3d97c49511deb503824558ac6f7d7ca9262"}
,"E:\\WEB_DEVELOPMENT\\SIP_TRACKER_AND_PORTFOLIO_VALUATION\\SIPTRACKER-BACKEND\\model\\InvestorModel.js": {"path":"E:\\WEB_DEVELOPMENT\\SIP_TRACKER_AND_PORTFOLIO_VALUATION\\SIPTRACKER-BACKEND\\model\\InvestorModel.js","statementMap":{"0":{"start":{"line":1,"column":11},"end":{"line":1,"column":45}},"1":{"start":{"line":2,"column":15},"end":{"line":2,"column":32}},"2":{"start":{"line":3,"column":12},"end":{"line":3,"column":35}},"3":{"start":{"line":4,"column":19},"end":{"line":4,"column":36}},"4":{"start":{"line":7,"column":23},"end":{"line":18,"column":1}},"5":{"start":{"line":8,"column":2},"end":{"line":17,"column":5}},"6":{"start":{"line":9,"column":18},"end":{"line":9,"column":84}},"7":{"start":{"line":10,"column":4},"end":{"line":16,"column":7}},"8":{"start":{"line":11,"column":6},"end":{"line":15,"column":7}},"9":{"start":{"line":12,"column":8},"end":{"line":12,"column":20}},"10":{"start":{"line":14,"column":8},"end":{"line":14,"column":29}},"11":{"start":{"line":20,"column":27},"end":{"line":31,"column":1}},"12":{"start":{"line":21,"column":2},"end":{"line":30,"column":5}},"13":{"start":{"line":22,"column":18},"end":{"line":22,"column":59}},"14":{"start":{"line":23,"column":4},"end":{"line":29,"column":7}},"15":{"start":{"line":24,"column":6},"end":{"line":28,"column":7}},"16":{"start":{"line":25,"column":8},"end":{"line":25,"column":20}},"17":{"start":{"line":27,"column":8},"end":{"line":27,"column":21}},"18":{"start":{"line":33,"column":24},"end":{"line":44,"column":1}},"19":{"start":{"line":34,"column":2},"end":{"line":43,"column":5}},"20":{"start":{"line":35,"column":18},"end":{"line":35,"column":56}},"21":{"start":{"line":36,"column":4},"end":{"line":42,"column":7}},"22":{"start":{"line":37,"column":6},"end":{"line":41,"column":7}},"23":{"start":{"line":38,"column":8},"end":{"line":38,"column":20}},"24":{"start":{"line":40,"column":8},"end":{"line":40,"column":21}},"25":{"start":{"line":46,"column":27},"end":{"line":57,"column":1}},"26":{"start":{"line":47,"column":2},"end":{"line":56,"column":5}},"27":{"start":{"line":48,"column":18},"end":{"line":48,"column":54}},"28":{"start":{"line":49,"column":4},"end":{"line":55,"column":7}},"29":{"start":{"line":50,"column":6},"end":{"line":54,"column":7}},"30":{"start":{"line":51,"column":8},"end":{"line":51,"column":20}},"31":{"start":{"line":53,"column":8},"end":{"line":53,"column":30}},"32":{"start":{"line":60,"column":0},"end":{"line":65,"column":2}}},"fnMap":{"0":{"name":"(anonymous_0)","decl":{"start":{"line":7,"column":23},"end":{"line":7,"column":24}},"loc":{"start":{"line":7,"column":50},"end":{"line":18,"column":1}},"line":7},"1":{"name":"(anonymous_1)","decl":{"start":{"line":8,"column":21},"end":{"line":8,"column":22}},"loc":{"start":{"line":8,"column":42},"end":{"line":17,"column":3}},"line":8},"2":{"name":"(anonymous_2)","decl":{"start":{"line":10,"column":43},"end":{"line":10,"column":44}},"loc":{"start":{"line":10,"column":57},"end":{"line":16,"column":5}},"line":10},"3":{"name":"(anonymous_3)","decl":{"start":{"line":20,"column":27},"end":{"line":20,"column":28}},"loc":{"start":{"line":20,"column":38},"end":{"line":31,"column":1}},"line":20},"4":{"name":"(anonymous_4)","decl":{"start":{"line":21,"column":21},"end":{"line":21,"column":22}},"loc":{"start":{"line":21,"column":42},"end":{"line":30,"column":3}},"line":21},"5":{"name":"(anonymous_5)","decl":{"start":{"line":23,"column":27},"end":{"line":23,"column":28}},"loc":{"start":{"line":23,"column":41},"end":{"line":29,"column":5}},"line":23},"6":{"name":"(anonymous_6)","decl":{"start":{"line":33,"column":24},"end":{"line":33,"column":25}},"loc":{"start":{"line":33,"column":32},"end":{"line":44,"column":1}},"line":33},"7":{"name":"(anonymous_7)","decl":{"start":{"line":34,"column":21},"end":{"line":34,"column":22}},"loc":{"start":{"line":34,"column":42},"end":{"line":43,"column":3}},"line":34},"8":{"name":"(anonymous_8)","decl":{"start":{"line":36,"column":24},"end":{"line":36,"column":25}},"loc":{"start":{"line":36,"column":38},"end":{"line":42,"column":5}},"line":36},"9":{"name":"(anonymous_9)","decl":{"start":{"line":46,"column":27},"end":{"line":46,"column":28}},"loc":{"start":{"line":46,"column":35},"end":{"line":57,"column":1}},"line":46},"10":{"name":"(anonymous_10)","decl":{"start":{"line":47,"column":21},"end":{"line":47,"column":22}},"loc":{"start":{"line":47,"column":42},"end":{"line":56,"column":3}},"line":47},"11":{"name":"(anonymous_11)","decl":{"start":{"line":49,"column":24},"end":{"line":49,"column":25}},"loc":{"start":{"line":49,"column":38},"end":{"line":55,"column":5}},"line":49}},"branchMap":{"0":{"loc":{"start":{"line":11,"column":6},"end":{"line":15,"column":7}},"type":"if","locations":[{"start":{"line":11,"column":6},"end":{"line":15,"column":7}},{"start":{"line":13,"column":13},"end":{"line":15,"column":7}}],"line":11},"1":{"loc":{"start":{"line":24,"column":6},"end":{"line":28,"column":7}},"type":"if","locations":[{"start":{"line":24,"column":6},"end":{"line":28,"column":7}},{"start":{"line":26,"column":11},"end":{"line":28,"column":7}}],"line":24},"2":{"loc":{"start":{"line":37,"column":6},"end":{"line":41,"column":7}},"type":"if","locations":[{"start":{"line":37,"column":6},"end":{"line":41,"column":7}},{"start":{"line":39,"column":13},"end":{"line":41,"column":7}}],"line":37},"3":{"loc":{"start":{"line":50,"column":6},"end":{"line":54,"column":7}},"type":"if","locations":[{"start":{"line":50,"column":6},"end":{"line":54,"column":7}},{"start":{"line":52,"column":13},"end":{"line":54,"column":7}}],"line":50}},"s":{"0":13,"1":13,"2":13,"3":13,"4":13,"5":0,"6":0,"7":0,"8":0,"9":0,"10":0,"11":13,"12":0,"13":0,"14":0,"15":0,"16":0,"17":0,"18":13,"19":0,"20":0,"21":0,"22":0,"23":0,"24":0,"25":13,"26":0,"27":0,"28":0,"29":0,"30":0,"31":0,"32":13},"f":{"0":0,"1":0,"2":0,"3":0,"4":0,"5":0,"6":0,"7":0,"8":0,"9":0,"10":0,"11":0},"b":{"0":[0,0],"1":[0,0],"2":[0,0],"3":[0,0]},"_coverageSchema":"1a1c01bbd47fc00a2c39e90264f33305004495a9","hash":"0c85373cce01b15f4a873e4fb010484c42ae88ce"}
,"E:\\WEB_DEVELOPMENT\\SIP_TRACKER_AND_PORTFOLIO_VALUATION\\SIPTRACKER-BACKEND\\routes\\InvestorRoutes.js": {"path":"E:\\WEB_DEVELOPMENT\\SIP_TRACKER_AND_PORTFOLIO_VALUATION\\SIPTRACKER-BACKEND\\routes\\InvestorRoutes.js","statementMap":{"0":{"start":{"line":1,"column":15},"end":{"line":1,"column":42}},"1":{"start":{"line":2,"column":25},"end":{"line":2,"column":68}},"2":{"start":{"line":3,"column":86},"end":{"line":3,"column":132}},"3":{"start":{"line":5,"column":0},"end":{"line":5,"column":61}},"4":{"start":{"line":6,"column":0},"end":{"line":6,"column":73}},"5":{"start":{"line":7,"column":0},"end":{"line":7,"column":86}},"6":{"start":{"line":8,"column":0},"end":{"line":8,"column":85}},"7":{"start":{"line":10,"column":0},"end":{"line":10,"column":24}}},"fnMap":{},"branchMap":{},"s":{"0":13,"1":13,"2":13,"3":13,"4":13,"5":13,"6":13,"7":13},"f":{},"b":{},"_coverageSchema":"1a1c01bbd47fc00a2c39e90264f33305004495a9","hash":"64bc17ad38a790b52e040743151e959a8099d9a3"}
,"E:\\WEB_DEVELOPMENT\\SIP_TRACKER_AND_PORTFOLIO_VALUATION\\SIPTRACKER-BACKEND\\routes\\authRouter.js": {"path":"E:\\WEB_DEVELOPMENT\\SIP_TRACKER_AND_PORTFOLIO_VALUATION\\SIPTRACKER-BACKEND\\routes\\authRouter.js","statementMap":{"0":{"start":{"line":1,"column":16},"end":{"line":1,"column":34}},"1":{"start":{"line":2,"column":34},"end":{"line":2,"column":76}},"2":{"start":{"line":3,"column":15},"end":{"line":3,"column":31}},"3":{"start":{"line":5,"column":0},"end":{"line":5,"column":35}},"4":{"start":{"line":6,"column":0},"end":{"line":6,"column":29}},"5":{"start":{"line":7,"column":0},"end":{"line":7,"column":31}},"6":{"start":{"line":9,"column":0},"end":{"line":9,"column":24}}},"fnMap":{},"branchMap":{},"s":{"0":13,"1":13,"2":13,"3":13,"4":13,"5":13,"6":13},"f":{},"b":{},"_coverageSchema":"1a1c01bbd47fc00a2c39e90264f33305004495a9","hash":"c7425c8dec0feaba9c1b201d9bf1f0df791e66d0"}
,"E:\\WEB_DEVELOPMENT\\SIP_TRACKER_AND_PORTFOLIO_VALUATION\\SIPTRACKER-BACKEND\\routes\\dashboardRouter.js": {"path":"E:\\WEB_DEVELOPMENT\\SIP_TRACKER_AND_PORTFOLIO_VALUATION\\SIPTRACKER-BACKEND\\routes\\dashboardRouter.js","statementMap":{"0":{"start":{"line":1,"column":16},"end":{"line":1,"column":34}},"1":{"start":{"line":2,"column":15},"end":{"line":2,"column":31}},"2":{"start":{"line":4,"column":29},"end":{"line":4,"column":76}},"3":{"start":{"line":5,"column":23},"end":{"line":5,"column":63}},"4":{"start":{"line":7,"column":0},"end":{"line":7,"column":50}},"5":{"start":{"line":9,"column":0},"end":{"line":9,"column":24}}},"fnMap":{},"branchMap":{},"s":{"0":13,"1":13,"2":13,"3":13,"4":13,"5":13},"f":{},"b":{},"_coverageSchema":"1a1c01bbd47fc00a2c39e90264f33305004495a9","hash":"20057de3baf241c79624e1c408e02cb439552166"}
,"E:\\WEB_DEVELOPMENT\\SIP_TRACKER_AND_PORTFOLIO_VALUATION\\SIPTRACKER-BACKEND\\routes\\fundRouter.js": {"path":"E:\\WEB_DEVELOPMENT\\SIP_TRACKER_AND_PORTFOLIO_VALUATION\\SIPTRACKER-BACKEND\\routes\\fundRouter.js","statementMap":{"0":{"start":{"line":1,"column":16},"end":{"line":1,"column":34}},"1":{"start":{"line":2,"column":43},"end":{"line":2,"column":85}},"2":{"start":{"line":3,"column":25},"end":{"line":3,"column":68}},"3":{"start":{"line":4,"column":15},"end":{"line":4,"column":31}},"4":{"start":{"line":6,"column":0},"end":{"line":6,"column":47}},"5":{"start":{"line":7,"column":0},"end":{"line":7,"column":44}},"6":{"start":{"line":8,"column":0},"end":{"line":8,"column":54}},"7":{"start":{"line":10,"column":0},"end":{"line":10,"column":24}}},"fnMap":{},"branchMap":{},"s":{"0":13,"1":13,"2":13,"3":13,"4":13,"5":13,"6":13,"7":13},"f":{},"b":{},"_coverageSchema":"1a1c01bbd47fc00a2c39e90264f33305004495a9","hash":"946d0f88b9061dacbc89ce107b0fd5b3943eb31e"}
,"E:\\WEB_DEVELOPMENT\\SIP_TRACKER_AND_PORTFOLIO_VALUATION\\SIPTRACKER-BACKEND\\routes\\profileRouter.js": {"path":"E:\\WEB_DEVELOPMENT\\SIP_TRACKER_AND_PORTFOLIO_VALUATION\\SIPTRACKER-BACKEND\\routes\\profileRouter.js","statementMap":{"0":{"start":{"line":1,"column":16},"end":{"line":1,"column":34}},"1":{"start":{"line":2,"column":15},"end":{"line":2,"column":31}},"2":{"start":{"line":4,"column":23},"end":{"line":4,"column":68}},"3":{"start":{"line":5,"column":23},"end":{"line":5,"column":63}},"4":{"start":{"line":7,"column":0},"end":{"line":7,"column":44}},"5":{"start":{"line":9,"column":0},"end":{"line":9,"column":24}}},"fnMap":{},"branchMap":{},"s":{"0":13,"1":13,"2":13,"3":13,"4":13,"5":13},"f":{},"b":{},"_coverageSchema":"1a1c01bbd47fc00a2c39e90264f33305004495a9","hash":"f233371acd87cd583a5c9e0d259f49f3cc04006e"}
,"E:\\WEB_DEVELOPMENT\\SIP_TRACKER_AND_PORTFOLIO_VALUATION\\SIPTRACKER-BACKEND\\routes\\sipRoutes.js": {"path":"E:\\WEB_DEVELOPMENT\\SIP_TRACKER_AND_PORTFOLIO_VALUATION\\SIPTRACKER-BACKEND\\routes\\sipRoutes.js","statementMap":{"0":{"start":{"line":1,"column":16},"end":{"line":1,"column":34}},"1":{"start":{"line":2,"column":15},"end":{"line":2,"column":31}},"2":{"start":{"line":3,"column":25},"end":{"line":3,"column":68}},"3":{"start":{"line":4,"column":22},"end":{"line":4,"column":63}},"4":{"start":{"line":6,"column":0},"end":{"line":6,"column":60}},"5":{"start":{"line":7,"column":0},"end":{"line":7,"column":60}},"6":{"start":{"line":8,"column":0},"end":{"line":8,"column":67}},"7":{"start":{"line":9,"column":0},"end":{"line":9,"column":77}},"8":{"start":{"line":10,"column":0},"end":{"line":10,"column":88}},"9":{"start":{"line":12,"column":0},"end":{"line":12,"column":24}}},"fnMap":{},"branchMap":{},"s":{"0":13,"1":13,"2":13,"3":13,"4":13,"5":13,"6":13,"7":13,"8":13,"9":13},"f":{},"b":{},"_coverageSchema":"1a1c01bbd47fc00a2c39e90264f33305004495a9","hash":"1873f61c3863e4074dacf4aa16c77d8658c1a632"}
,"E:\\WEB_DEVELOPMENT\\SIP_TRACKER_AND_PORTFOLIO_VALUATION\\SIPTRACKER-BACKEND\\utility\\authManager.js": {"path":"E:\\WEB_DEVELOPMENT\\SIP_TRACKER_AND_PORTFOLIO_VALUATION\\SIPTRACKER-BACKEND\\utility\\authManager.js","statementMap":{"0":{"start":{"line":1,"column":12},"end":{"line":1,"column":35}},"1":{"start":{"line":2,"column":11},"end":{"line":2,"column":45}},"2":{"start":{"line":3,"column":18},"end":{"line":3,"column":67}},"3":{"start":{"line":6,"column":22},"end":{"line":14,"column":1}},"4":{"start":{"line":7,"column":4},"end":{"line":13,"column":6}},"5":{"start":{"line":16,"column":18},"end":{"line":21,"column":1}},"6":{"start":{"line":17,"column":4},"end":{"line":20,"column":5}},"7":{"start":{"line":23,"column":0},"end":{"line":26,"column":1}}},"fnMap":{"0":{"name":"(anonymous_0)","decl":{"start":{"line":6,"column":22},"end":{"line":6,"column":23}},"loc":{"start":{"line":6,"column":35},"end":{"line":14,"column":1}},"line":6},"1":{"name":"(anonymous_1)","decl":{"start":{"line":16,"column":18},"end":{"line":16,"column":19}},"loc":{"start":{"line":16,"column":29},"end":{"line":21,"column":1}},"line":16}},"branchMap":{},"s":{"0":12,"1":12,"2":12,"3":12,"4":0,"5":12,"6":0,"7":12},"f":{"0":0,"1":0},"b":{},"_coverageSchema":"1a1c01bbd47fc00a2c39e90264f33305004495a9","hash":"100b23505ebb26773b39f79a811a4135fb11bc96"}
,"E:\\WEB_DEVELOPMENT\\SIP_TRACKER_AND_PORTFOLIO_VALUATION\\SIPTRACKER-BACKEND\\utility\\dbManager.js": {"path":"E:\\WEB_DEVELOPMENT\\SIP_TRACKER_AND_PORTFOLIO_VALUATION\\SIPTRACKER-BACKEND\\utility\\dbManager.js","statementMap":{"0":{"start":{"line":1,"column":15},"end":{"line":1,"column":43}},"1":{"start":{"line":3,"column":11},"end":{"line":21,"column":1}},"2":{"start":{"line":7,"column":4},"end":{"line":19,"column":5}},"3":{"start":{"line":9,"column":6},"end":{"line":11,"column":7}},"4":{"start":{"line":10,"column":8},"end":{"line":10,"column":62}},"5":{"start":{"line":15,"column":6},"end":{"line":17,"column":7}},"6":{"start":{"line":16,"column":8},"end":{"line":16,"column":57}},"7":{"start":{"line":23,"column":0},"end":{"line":23,"column":20}}},"fnMap":{"0":{"name":"(anonymous_0)","decl":{"start":{"line":5,"column":2},"end":{"line":5,"column":3}},"loc":{"start":{"line":5,"column":11},"end":{"line":20,"column":3}},"line":5}},"branchMap":{"0":{"loc":{"start":{"line":7,"column":4},"end":{"line":19,"column":5}},"type":"if","locations":[{"start":{"line":7,"column":4},"end":{"line":19,"column":5}},{"start":{"line":13,"column":11},"end":{"line":19,"column":5}}],"line":7},"1":{"loc":{"start":{"line":9,"column":6},"end":{"line":11,"column":7}},"type":"if","locations":[{"start":{"line":9,"column":6},"end":{"line":11,"column":7}},{"start":{},"end":{}}],"line":9},"2":{"loc":{"start":{"line":15,"column":6},"end":{"line":17,"column":7}},"type":"if","locations":[{"start":{"line":15,"column":6},"end":{"line":17,"column":7}},{"start":{},"end":{}}],"line":15}},"s":{"0":13,"1":13,"2":12,"3":0,"4":0,"5":12,"6":0,"7":13},"f":{"0":12},"b":{"0":[0,12],"1":[0,0],"2":[0,12]},"_coverageSchema":"1a1c01bbd47fc00a2c39e90264f33305004495a9","hash":"77f7df0f6a9585ae95f3275c198d8a2bec703737"}
,"E:\\WEB_DEVELOPMENT\\SIP_TRACKER_AND_PORTFOLIO_VALUATION\\SIPTRACKER-BACKEND\\utility\\pgManager.js": {"path":"E:\\WEB_DEVELOPMENT\\SIP_TRACKER_AND_PORTFOLIO_VALUATION\\SIPTRACKER-BACKEND\\utility\\pgManager.js","statementMap":{"0":{"start":{"line":1,"column":17},"end":{"line":1,"column":30}},"1":{"start":{"line":2,"column":0},"end":{"line":2,"column":27}},"2":{"start":{"line":4,"column":13},"end":{"line":10,"column":2}},"3":{"start":{"line":12,"column":14},"end":{"line":12,"column":56}},"4":{"start":{"line":12,"column":32},"end":{"line":12,"column":56}},"5":{"start":{"line":13,"column":16},"end":{"line":13,"column":36}},"6":{"start":{"line":13,"column":22},"end":{"line":13,"column":36}},"7":{"start":{"line":17,"column":4},"end":{"line":23,"column":5}},"8":{"start":{"line":18,"column":23},"end":{"line":18,"column":43}},"9":{"start":{"line":19,"column":8},"end":{"line":19,"column":57}},"10":{"start":{"line":20,"column":8},"end":{"line":20,"column":25}},"11":{"start":{"line":22,"column":8},"end":{"line":22,"column":59}},"12":{"start":{"line":27,"column":0},"end":{"line":29,"column":1}},"13":{"start":{"line":28,"column":4},"end":{"line":28,"column":16}},"14":{"start":{"line":31,"column":0},"end":{"line":31,"column":53}}},"fnMap":{"0":{"name":"(anonymous_0)","decl":{"start":{"line":12,"column":14},"end":{"line":12,"column":15}},"loc":{"start":{"line":12,"column":32},"end":{"line":12,"column":56}},"line":12},"1":{"name":"(anonymous_1)","decl":{"start":{"line":13,"column":16},"end":{"line":13,"column":17}},"loc":{"start":{"line":13,"column":22},"end":{"line":13,"column":36}},"line":13},"2":{"name":"connectDB","decl":{"start":{"line":16,"column":15},"end":{"line":16,"column":24}},"loc":{"start":{"line":16,"column":27},"end":{"line":24,"column":1}},"line":16}},"branchMap":{"0":{"loc":{"start":{"line":27,"column":0},"end":{"line":29,"column":1}},"type":"if","locations":[{"start":{"line":27,"column":0},"end":{"line":29,"column":1}},{"start":{},"end":{}}],"line":27}},"s":{"0":7,"1":7,"2":7,"3":7,"4":0,"5":7,"6":0,"7":0,"8":0,"9":0,"10":0,"11":0,"12":7,"13":0,"14":7},"f":{"0":0,"1":0,"2":0},"b":{"0":[0,7]},"_coverageSchema":"1a1c01bbd47fc00a2c39e90264f33305004495a9","hash":"bfae6ab811ea9e0f43a64209985b9f52dbe61055"}
,"E:\\WEB_DEVELOPMENT\\SIP_TRACKER_AND_PORTFOLIO_VALUATION\\SIPTRACKER-BACKEND\\utility\\portfolioManager.js": {"path":"E:\\WEB_DEVELOPMENT\\SIP_TRACKER_AND_PORTFOLIO_VALUATION\\SIPTRACKER-BACKEND\\utility\\portfolioManager.js","statementMap":{"0":{"start":{"line":1,"column":11},"end":{"line":1,"column":33}},"1":{"start":{"line":3,"column":31},"end":{"line":19,"column":1}},"2":{"start":{"line":4,"column":30},"end":{"line":7,"column":5}},"3":{"start":{"line":9,"column":4},"end":{"line":11,"column":5}},"4":{"start":{"line":10,"column":8},"end":{"line":10,"column":54}},"5":{"start":{"line":13,"column":29},"end":{"line":16,"column":5}},"6":{"start":{"line":18,"column":4},"end":{"line":18,"column":49}},"7":{"start":{"line":21,"column":0},"end":{"line":23,"column":2}}},"fnMap":{"0":{"name":"(anonymous_0)","decl":{"start":{"line":3,"column":31},"end":{"line":3,"column":32}},"loc":{"start":{"line":3,"column":66},"end":{"line":19,"column":1}},"line":3}},"branchMap":{"0":{"loc":{"start":{"line":3,"column":50},"end":{"line":3,"column":61}},"type":"default-arg","locations":[{"start":{"line":3,"column":59},"end":{"line":3,"column":61}}],"line":3},"1":{"loc":{"start":{"line":9,"column":4},"end":{"line":11,"column":5}},"type":"if","locations":[{"start":{"line":9,"column":4},"end":{"line":11,"column":5}},{"start":{},"end":{}}],"line":9}},"s":{"0":11,"1":11,"2":0,"3":0,"4":0,"5":0,"6":0,"7":11},"f":{"0":0},"b":{"0":[0],"1":[0,0]},"_coverageSchema":"1a1c01bbd47fc00a2c39e90264f33305004495a9","hash":"f41c7b14be74537b241d5dc354a82740e0df09b3"}
,"E:\\WEB_DEVELOPMENT\\SIP_TRACKER_AND_PORTFOLIO_VALUATION\\SIPTRACKER-BACKEND\\utility\\redis.js": {"path":"E:\\WEB_DEVELOPMENT\\SIP_TRACKER_AND_PORTFOLIO_VALUATION\\SIPTRACKER-BACKEND\\utility\\redis.js","statementMap":{"0":{"start":{"line":1,"column":14},"end":{"line":1,"column":30}},"1":{"start":{"line":3,"column":15},"end":{"line":8,"column":2}},"2":{"start":{"line":10,"column":0},"end":{"line":12,"column":3}},"3":{"start":{"line":11,"column":4},"end":{"line":11,"column":52}},"4":{"start":{"line":14,"column":0},"end":{"line":16,"column":3}},"5":{"start":{"line":15,"column":4},"end":{"line":15,"column":51}},"6":{"start":{"line":18,"column":21},"end":{"line":26,"column":1}},"7":{"start":{"line":19,"column":4},"end":{"line":25,"column":5}},"8":{"start":{"line":20,"column":8},"end":{"line":22,"column":9}},"9":{"start":{"line":21,"column":12},"end":{"line":21,"column":35}},"10":{"start":{"line":24,"column":8},"end":{"line":24,"column":86}},"11":{"start":{"line":28,"column":22},"end":{"line":39,"column":1}},"12":{"start":{"line":29,"column":4},"end":{"line":38,"column":5}},"13":{"start":{"line":30,"column":8},"end":{"line":32,"column":9}},"14":{"start":{"line":31,"column":12},"end":{"line":31,"column":28}},"15":{"start":{"line":34,"column":8},"end":{"line":34,"column":33}},"16":{"start":{"line":36,"column":8},"end":{"line":36,"column":62}},"17":{"start":{"line":37,"column":8},"end":{"line":37,"column":24}},"18":{"start":{"line":41,"column":20},"end":{"line":51,"column":1}},"19":{"start":{"line":43,"column":8},"end":{"line":43,"column":29}},"20":{"start":{"line":46,"column":8},"end":{"line":46,"column":30}},"21":{"start":{"line":48,"column":18},"end":{"line":48,"column":54}},"22":{"start":{"line":48,"column":38},"end":{"line":48,"column":53}},"23":{"start":{"line":49,"column":34},"end":{"line":49,"column":86}},"24":{"start":{"line":49,"column":54},"end":{"line":49,"column":85}},"25":{"start":{"line":50,"column":18},"end":{"line":50,"column":57}},"26":{"start":{"line":50,"column":38},"end":{"line":50,"column":53}},"27":{"start":{"line":53,"column":0},"end":{"line":56,"column":1}}},"fnMap":{"0":{"name":"(anonymous_0)","decl":{"start":{"line":10,"column":21},"end":{"line":10,"column":22}},"loc":{"start":{"line":10,"column":27},"end":{"line":12,"column":1}},"line":10},"1":{"name":"(anonymous_1)","decl":{"start":{"line":14,"column":19},"end":{"line":14,"column":20}},"loc":{"start":{"line":14,"column":30},"end":{"line":16,"column":1}},"line":14},"2":{"name":"(anonymous_2)","decl":{"start":{"line":18,"column":21},"end":{"line":18,"column":22}},"loc":{"start":{"line":18,"column":33},"end":{"line":26,"column":1}},"line":18},"3":{"name":"(anonymous_3)","decl":{"start":{"line":28,"column":22},"end":{"line":28,"column":23}},"loc":{"start":{"line":28,"column":60},"end":{"line":39,"column":1}},"line":28},"4":{"name":"(anonymous_4)","decl":{"start":{"line":42,"column":4},"end":{"line":42,"column":5}},"loc":{"start":{"line":42,"column":17},"end":{"line":44,"column":5}},"line":42},"5":{"name":"(anonymous_5)","decl":{"start":{"line":45,"column":4},"end":{"line":45,"column":5}},"loc":{"start":{"line":45,"column":18},"end":{"line":47,"column":5}},"line":45},"6":{"name":"(anonymous_6)","decl":{"start":{"line":48,"column":9},"end":{"line":48,"column":10}},"loc":{"start":{"line":48,"column":18},"end":{"line":48,"column":54}},"line":48},"7":{"name":"(anonymous_7)","decl":{"start":{"line":48,"column":32},"end":{"line":48,"column":33}},"loc":{"start":{"line":48,"column":38},"end":{"line":48,"column":53}},"line":48},"8":{"name":"(anonymous_8)","decl":{"start":{"line":49,"column":9},"end":{"line":49,"column":10}},"loc":{"start":{"line":49,"column":34},"end":{"line":49,"column":86}},"line":49},"9":{"name":"(anonymous_9)","decl":{"start":{"line":49,"column":48},"end":{"line":49,"column":49}},"loc":{"start":{"line":49,"column":54},"end":{"line":49,"column":85}},"line":49},"10":{"name":"(anonymous_10)","decl":{"start":{"line":50,"column":9},"end":{"line":50,"column":10}},"loc":{"start":{"line":50,"column":18},"end":{"line":50,"column":57}},"line":50},"11":{"name":"(anonymous_11)","decl":{"start":{"line":50,"column":32},"end":{"line":50,"column":33}},"loc":{"start":{"line":50,"column":38},"end":{"line":50,"column":53}},"line":50}},"branchMap":{"0":{"loc":{"start":{"line":20,"column":8},"end":{"line":22,"column":9}},"type":"if","locations":[{"start":{"line":20,"column":8},"end":{"line":22,"column":9}},{"start":{},"end":{}}],"line":20},"1":{"loc":{"start":{"line":28,"column":40},"end":{"line":28,"column":55}},"type":"default-arg","locations":[{"start":{"line":28,"column":51},"end":{"line":28,"column":55}}],"line":28},"2":{"loc":{"start":{"line":30,"column":8},"end":{"line":32,"column":9}},"type":"if","locations":[{"start":{"line":30,"column":8},"end":{"line":32,"column":9}},{"start":{},"end":{}}],"line":30}},"s":{"0":7,"1":7,"2":7,"3":0,"4":7,"5":0,"6":7,"7":0,"8":0,"9":0,"10":0,"11":7,"12":0,"13":0,"14":0,"15":0,"16":0,"17":0,"18":7,"19":0,"20":0,"21":0,"22":0,"23":0,"24":0,"25":0,"26":0,"27":7},"f":{"0":0,"1":0,"2":0,"3":0,"4":0,"5":0,"6":0,"7":0,"8":0,"9":0,"10":0,"11":0},"b":{"0":[0,0],"1":[0],"2":[0,0]},"_coverageSchema":"1a1c01bbd47fc00a2c39e90264f33305004495a9","hash":"e230f744502bb801975862035214ef1b45de79b6"}
,"E:\\WEB_DEVELOPMENT\\SIP_TRACKER_AND_PORTFOLIO_VALUATION\\SIPTRACKER-BACKEND\\utility\\responseHandler.js": {"path":"E:\\WEB_DEVELOPMENT\\SIP_TRACKER_AND_PORTFOLIO_VALUATION\\SIPTRACKER-BACKEND\\utility\\responseHandler.js","statementMap":{"0":{"start":{"line":1,"column":24},"end":{"line":13,"column":1}},"1":{"start":{"line":8,"column":4},"end":{"line":12,"column":7}},"2":{"start":{"line":16,"column":22},"end":{"line":27,"column":1}},"3":{"start":{"line":22,"column":4},"end":{"line":26,"column":7}},"4":{"start":{"line":29,"column":0},"end":{"line":32,"column":1}}},"fnMap":{"0":{"name":"(anonymous_0)","decl":{"start":{"line":1,"column":24},"end":{"line":1,"column":25}},"loc":{"start":{"line":6,"column":5},"end":{"line":13,"column":1}},"line":6},"1":{"name":"(anonymous_1)","decl":{"start":{"line":16,"column":22},"end":{"line":16,"column":23}},"loc":{"start":{"line":21,"column":5},"end":{"line":27,"column":1}},"line":21}},"branchMap":{"0":{"loc":{"start":{"line":5,"column":4},"end":{"line":5,"column":15}},"type":"default-arg","locations":[{"start":{"line":5,"column":11},"end":{"line":5,"column":15}}],"line":5},"1":{"loc":{"start":{"line":20,"column":4},"end":{"line":20,"column":16}},"type":"default-arg","locations":[{"start":{"line":20,"column":12},"end":{"line":20,"column":16}}],"line":20}},"s":{"0":13,"1":6655,"2":13,"3":7,"4":13},"f":{"0":6655,"1":7},"b":{"0":[1],"1":[7]},"_coverageSchema":"1a1c01bbd47fc00a2c39e90264f33305004495a9","hash":"4a0ecb4cd4260db6306d92fe21e9305eada813e1"}
}
