TN:
SF:server.js
FN:22,(anonymous_0)
FN:40,(anonymous_1)
FNF:2
FNH:1
FNDA:1,(anonymous_0)
FNDA:0,(anonymous_1)
DA:1,13
DA:2,13
DA:3,13
DA:4,13
DA:5,13
DA:6,13
DA:7,13
DA:8,13
DA:9,13
DA:10,13
DA:12,13
DA:13,13
DA:15,13
DA:16,13
DA:17,13
DA:18,13
DA:19,13
DA:20,13
DA:22,13
DA:23,1
DA:31,13
DA:34,13
DA:35,0
DA:36,0
DA:37,0
DA:38,0
DA:39,0
DA:40,0
DA:41,0
LF:29
LH:22
BRDA:34,0,0,0
BRDA:34,0,1,13
BRDA:39,1,0,0
BRDA:39,1,1,0
BRF:4
BRH:1
end_of_record
TN:
SF:controller\InvestorController.js
FN:11,(anonymous_0)
FN:30,(anonymous_1)
FN:82,(anonymous_2)
FN:122,(anonymous_3)
FN:144,(anonymous_4)
FNF:5
FNH:5
FNDA:2972,(anonymous_0)
FNDA:4650,(anonymous_1)
FNDA:3,(anonymous_2)
FNDA:4,(anonymous_3)
FNDA:1,(anonymous_4)
DA:1,13
DA:2,13
DA:3,13
DA:4,13
DA:5,13
DA:6,13
DA:7,13
DA:8,13
DA:11,13
DA:12,2972
DA:13,2972
DA:14,2972
DA:15,2970
DA:16,2970
DA:19,2
DA:20,2
DA:21,1
DA:22,1
DA:23,1
DA:25,1
DA:30,13
DA:31,4650
DA:32,4650
DA:34,4650
DA:35,2
DA:41,4648
DA:42,4647
DA:43,4642
DA:44,4642
DA:47,5
DA:64,5
DA:66,4
DA:67,2
DA:74,2
DA:75,2
DA:76,2
DA:78,2
DA:82,13
DA:83,3
DA:84,3
DA:85,3
DA:87,3
DA:88,1
DA:89,1
DA:92,2
DA:111,2
DA:113,1
DA:114,1
DA:116,1
DA:118,1
DA:122,13
DA:123,4
DA:124,4
DA:125,4
DA:127,4
DA:128,1
DA:129,1
DA:132,3
DA:137,3
DA:139,2
DA:140,1
DA:143,1
DA:144,1
DA:145,1
DA:148,1
DA:155,1
DA:159,1
DA:160,1
DA:162,1
DA:166,13
LF:70
LH:70
BRDA:14,0,0,2970
BRDA:14,0,1,2
BRDA:34,1,0,2
BRDA:34,1,1,4648
BRDA:42,2,0,4642
BRDA:42,2,1,5
BRDA:66,3,0,2
BRDA:66,3,1,2
BRDA:87,4,0,1
BRDA:87,4,1,2
BRDA:127,5,0,1
BRDA:127,5,1,3
BRDA:139,6,0,1
BRDA:139,6,1,1
BRF:14
BRH:14
end_of_record
TN:
SF:controller\authController.js
FN:10,(anonymous_0)
FN:40,(anonymous_1)
FN:104,(anonymous_2)
FNF:3
FNH:3
FNDA:4373,(anonymous_0)
FNDA:2014,(anonymous_1)
FNDA:3,(anonymous_2)
DA:1,12
DA:2,12
DA:3,12
DA:4,12
DA:5,12
DA:6,12
DA:8,12
DA:10,12
DA:11,4373
DA:12,4373
DA:13,4373
DA:14,4373
DA:16,4372
DA:17,3
DA:19,4369
DA:20,4369
DA:21,4369
DA:23,4369
DA:24,1
DA:26,1
DA:28,1
DA:33,4369
DA:40,12
DA:41,2014
DA:42,2014
DA:43,2014
DA:44,1
DA:47,2013
DA:49,2013
DA:50,2010
DA:51,2010
DA:54,3
DA:56,3
DA:57,2
DA:58,1
DA:60,1
DA:61,1
DA:67,2011
DA:69,2011
DA:70,2011
DA:71,1
DA:74,2010
DA:79,2010
DA:87,2010
DA:98,1
DA:104,12
DA:105,3
DA:106,3
DA:107,3
DA:108,1
DA:111,2
DA:112,2
DA:117,1
DA:119,1
DA:124,12
LF:55
LH:55
BRDA:16,0,0,3
BRDA:16,0,1,4369
BRDA:43,1,0,1
BRDA:43,1,1,2013
BRDA:43,2,0,2014
BRDA:43,2,1,2014
BRDA:49,3,0,2010
BRDA:49,3,1,3
BRDA:57,4,0,1
BRDA:57,4,1,1
BRDA:70,5,0,1
BRDA:70,5,1,2010
BRDA:107,6,0,1
BRDA:107,6,1,2
BRF:14
BRH:14
end_of_record
TN:
SF:controller\dashboardController.js
FN:3,(anonymous_0)
FN:5,(anonymous_1)
FN:130,(anonymous_2)
FN:140,(anonymous_3)
FN:150,(anonymous_4)
FN:157,(anonymous_5)
FNF:6
FNH:6
FNDA:82255,(anonymous_0)
FNDA:4569,(anonymous_1)
FNDA:4567,(anonymous_2)
FNDA:4567,(anonymous_3)
FNDA:4576,(anonymous_4)
FNDA:4575,(anonymous_5)
DA:1,12
DA:3,82255
DA:5,12
DA:6,4569
DA:7,4569
DA:9,4569
DA:18,4569
DA:56,4569
DA:74,4569
DA:95,4569
DA:117,4569
DA:124,4568
DA:125,4568
DA:126,4568
DA:127,4568
DA:128,4568
DA:130,4568
DA:140,4568
DA:150,4576
DA:157,4575
DA:163,4568
DA:180,1
DA:186,12
LF:23
LH:23
BRDA:3,0,0,82255
BRDA:3,0,1,45590
BRDA:145,1,0,4566
BRDA:145,1,1,1
BRF:4
BRH:4
end_of_record
TN:
SF:controller\fundController.js
FN:4,(anonymous_0)
FN:17,(anonymous_1)
FN:41,(anonymous_2)
FNF:3
FNH:3
FNDA:3,(anonymous_0)
FNDA:3134,(anonymous_1)
FNDA:3,(anonymous_2)
DA:1,12
DA:2,12
DA:4,12
DA:5,3
DA:6,3
DA:7,3
DA:8,3
DA:10,2
DA:11,2
DA:13,1
DA:17,12
DA:18,3134
DA:19,3134
DA:21,3134
DA:22,3131
DA:23,3131
DA:26,3
DA:28,3
DA:30,2
DA:34,2
DA:35,2
DA:37,1
DA:41,12
DA:42,3
DA:43,3
DA:44,3
DA:45,3
DA:46,3
DA:48,2
DA:49,2
DA:50,2
DA:52,1
DA:53,1
DA:58,12
LF:34
LH:34
BRDA:21,0,0,3131
BRDA:21,0,1,3
BRF:2
BRH:2
end_of_record
TN:
SF:controller\profileController.js
FN:4,(anonymous_0)
FNF:1
FNH:1
FNDA:5237,(anonymous_0)
DA:1,12
DA:2,12
DA:4,12
DA:5,5237
DA:6,5237
DA:7,5237
DA:8,5236
DA:17,5236
DA:18,5235
DA:24,2
DA:30,12
LF:11
LH:11
BRF:0
BRH:0
end_of_record
TN:
SF:controller\sipController.js
FN:5,(anonymous_0)
FN:29,(anonymous_1)
FN:58,(anonymous_2)
FN:92,(anonymous_3)
FN:158,(anonymous_4)
FNF:5
FNH:5
FNDA:3,(anonymous_0)
FNDA:3084,(anonymous_1)
FNDA:3,(anonymous_2)
FNDA:5,(anonymous_3)
FNDA:4714,(anonymous_4)
DA:1,12
DA:2,12
DA:3,12
DA:5,12
DA:6,3
DA:7,3
DA:8,3
DA:9,3
DA:11,3
DA:12,1
DA:17,2
DA:18,2
DA:20,1
DA:21,1
DA:24,1
DA:25,1
DA:29,12
DA:30,3084
DA:31,3084
DA:32,3084
DA:33,3084
DA:34,3081
DA:35,3081
DA:38,3
DA:42,3
DA:43,2
DA:44,1
DA:47,1
DA:51,1
DA:52,1
DA:54,1
DA:58,12
DA:60,3
DA:62,3
DA:64,3
DA:79,3
DA:81,2
DA:85,1
DA:92,12
DA:93,5
DA:94,5
DA:95,5
DA:96,5
DA:97,5
DA:98,5
DA:100,4
DA:101,1
DA:102,1
DA:105,3
DA:106,3
DA:107,3
DA:109,3
DA:110,1
DA:111,1
DA:114,2
DA:115,2
DA:117,2
DA:119,2
DA:121,2
DA:122,2
DA:124,2
DA:128,2
DA:129,2
DA:131,2
DA:132,1
DA:133,1
DA:134,1
DA:136,1
DA:137,1
DA:140,1
DA:142,1
DA:144,2
DA:145,2
DA:146,2
DA:147,2
DA:148,2
DA:150,1
DA:151,1
DA:152,1
DA:154,5
DA:158,12
DA:159,4714
DA:160,4714
DA:161,4714
DA:162,4714
DA:163,4711
DA:164,4711
DA:167,3
DA:186,3
DA:187,2
DA:191,2
DA:193,2
DA:195,1
DA:201,12
LF:94
LH:94
BRDA:9,0,0,3
BRDA:11,1,0,1
BRDA:11,1,1,2
BRDA:11,2,0,3
BRDA:11,2,1,3
BRDA:11,2,2,3
BRDA:11,2,3,3
BRDA:11,2,4,3
BRDA:33,3,0,3081
BRDA:33,3,1,3
BRDA:43,4,0,1
BRDA:43,4,1,1
BRDA:100,5,0,1
BRDA:100,5,1,3
BRDA:109,6,0,1
BRDA:109,6,1,2
BRDA:131,7,0,1
BRDA:131,7,1,1
BRDA:162,8,0,4711
BRDA:162,8,1,3
BRF:20
BRH:20
end_of_record
TN:
SF:controller\testing.js
FN:1,sum
FNF:1
FNH:1
FNDA:4,sum
DA:2,4
DA:5,1
LF:2
LH:2
BRF:0
BRH:0
end_of_record
TN:
SF:middlewares\authMiddleware.js
FN:5,(anonymous_0)
FNF:1
FNH:0
FNDA:0,(anonymous_0)
DA:1,2
DA:3,2
DA:5,2
DA:6,0
DA:7,0
DA:9,0
DA:10,0
DA:13,0
DA:15,0
DA:16,0
DA:19,0
DA:21,0
DA:23,0
DA:25,0
DA:33,2
LF:15
LH:4
BRDA:9,0,0,0
BRDA:9,0,1,0
BRDA:15,1,0,0
BRDA:15,1,1,0
BRF:4
BRH:0
end_of_record
TN:
SF:model\InvestorModel.js
FN:7,(anonymous_0)
FN:8,(anonymous_1)
FN:10,(anonymous_2)
FN:20,(anonymous_3)
FN:21,(anonymous_4)
FN:23,(anonymous_5)
FN:33,(anonymous_6)
FN:34,(anonymous_7)
FN:36,(anonymous_8)
FN:46,(anonymous_9)
FN:47,(anonymous_10)
FN:49,(anonymous_11)
FNF:12
FNH:0
FNDA:0,(anonymous_0)
FNDA:0,(anonymous_1)
FNDA:0,(anonymous_2)
FNDA:0,(anonymous_3)
FNDA:0,(anonymous_4)
FNDA:0,(anonymous_5)
FNDA:0,(anonymous_6)
FNDA:0,(anonymous_7)
FNDA:0,(anonymous_8)
FNDA:0,(anonymous_9)
FNDA:0,(anonymous_10)
FNDA:0,(anonymous_11)
DA:1,13
DA:2,13
DA:3,13
DA:4,13
DA:7,13
DA:8,0
DA:9,0
DA:10,0
DA:11,0
DA:12,0
DA:14,0
DA:20,13
DA:21,0
DA:22,0
DA:23,0
DA:24,0
DA:25,0
DA:27,0
DA:33,13
DA:34,0
DA:35,0
DA:36,0
DA:37,0
DA:38,0
DA:40,0
DA:46,13
DA:47,0
DA:48,0
DA:49,0
DA:50,0
DA:51,0
DA:53,0
DA:60,13
LF:33
LH:9
BRDA:11,0,0,0
BRDA:11,0,1,0
BRDA:24,1,0,0
BRDA:24,1,1,0
BRDA:37,2,0,0
BRDA:37,2,1,0
BRDA:50,3,0,0
BRDA:50,3,1,0
BRF:8
BRH:0
end_of_record
TN:
SF:routes\InvestorRoutes.js
FNF:0
FNH:0
DA:1,13
DA:2,13
DA:3,13
DA:5,13
DA:6,13
DA:7,13
DA:8,13
DA:10,13
LF:8
LH:8
BRF:0
BRH:0
end_of_record
TN:
SF:routes\authRouter.js
FNF:0
FNH:0
DA:1,13
DA:2,13
DA:3,13
DA:5,13
DA:6,13
DA:7,13
DA:9,13
LF:7
LH:7
BRF:0
BRH:0
end_of_record
TN:
SF:routes\dashboardRouter.js
FNF:0
FNH:0
DA:1,13
DA:2,13
DA:4,13
DA:5,13
DA:7,13
DA:9,13
LF:6
LH:6
BRF:0
BRH:0
end_of_record
TN:
SF:routes\fundRouter.js
FNF:0
FNH:0
DA:1,13
DA:2,13
DA:3,13
DA:4,13
DA:6,13
DA:7,13
DA:8,13
DA:10,13
LF:8
LH:8
BRF:0
BRH:0
end_of_record
TN:
SF:routes\profileRouter.js
FNF:0
FNH:0
DA:1,13
DA:2,13
DA:4,13
DA:5,13
DA:7,13
DA:9,13
LF:6
LH:6
BRF:0
BRH:0
end_of_record
TN:
SF:routes\sipRoutes.js
FNF:0
FNH:0
DA:1,13
DA:2,13
DA:3,13
DA:4,13
DA:6,13
DA:7,13
DA:8,13
DA:9,13
DA:10,13
DA:12,13
LF:10
LH:10
BRF:0
BRH:0
end_of_record
TN:
SF:utility\authManager.js
FN:6,(anonymous_0)
FN:16,(anonymous_1)
FNF:2
FNH:0
FNDA:0,(anonymous_0)
FNDA:0,(anonymous_1)
DA:1,12
DA:2,12
DA:3,12
DA:6,12
DA:7,0
DA:16,12
DA:17,0
DA:23,12
LF:8
LH:6
BRF:0
BRH:0
end_of_record
TN:
SF:utility\dbManager.js
FN:5,(anonymous_0)
FNF:1
FNH:1
FNDA:12,(anonymous_0)
DA:1,13
DA:3,13
DA:7,12
DA:9,0
DA:10,0
DA:15,12
DA:16,0
DA:23,13
LF:8
LH:5
BRDA:7,0,0,0
BRDA:7,0,1,12
BRDA:9,1,0,0
BRDA:9,1,1,0
BRDA:15,2,0,0
BRDA:15,2,1,12
BRF:6
BRH:2
end_of_record
TN:
SF:utility\pgManager.js
FN:12,(anonymous_0)
FN:13,(anonymous_1)
FN:16,connectDB
FNF:3
FNH:0
FNDA:0,(anonymous_0)
FNDA:0,(anonymous_1)
FNDA:0,connectDB
DA:1,7
DA:2,7
DA:4,7
DA:12,7
DA:13,7
DA:17,0
DA:18,0
DA:19,0
DA:20,0
DA:22,0
DA:27,7
DA:28,0
DA:31,7
LF:13
LH:7
BRDA:27,0,0,0
BRDA:27,0,1,7
BRF:2
BRH:1
end_of_record
TN:
SF:utility\portfolioManager.js
FN:3,(anonymous_0)
FNF:1
FNH:0
FNDA:0,(anonymous_0)
DA:1,11
DA:3,11
DA:4,0
DA:9,0
DA:10,0
DA:13,0
DA:18,0
DA:21,11
LF:8
LH:3
BRDA:3,0,0,0
BRDA:9,1,0,0
BRDA:9,1,1,0
BRF:3
BRH:0
end_of_record
TN:
SF:utility\redis.js
FN:10,(anonymous_0)
FN:14,(anonymous_1)
FN:18,(anonymous_2)
FN:28,(anonymous_3)
FN:42,(anonymous_4)
FN:45,(anonymous_5)
FN:48,(anonymous_6)
FN:48,(anonymous_7)
FN:49,(anonymous_8)
FN:49,(anonymous_9)
FN:50,(anonymous_10)
FN:50,(anonymous_11)
FNF:12
FNH:0
FNDA:0,(anonymous_0)
FNDA:0,(anonymous_1)
FNDA:0,(anonymous_2)
FNDA:0,(anonymous_3)
FNDA:0,(anonymous_4)
FNDA:0,(anonymous_5)
FNDA:0,(anonymous_6)
FNDA:0,(anonymous_7)
FNDA:0,(anonymous_8)
FNDA:0,(anonymous_9)
FNDA:0,(anonymous_10)
FNDA:0,(anonymous_11)
DA:1,7
DA:3,7
DA:10,7
DA:11,0
DA:14,7
DA:15,0
DA:18,7
DA:19,0
DA:20,0
DA:21,0
DA:24,0
DA:28,7
DA:29,0
DA:30,0
DA:31,0
DA:34,0
DA:36,0
DA:37,0
DA:41,7
DA:43,0
DA:46,0
DA:48,0
DA:49,0
DA:50,0
DA:53,7
LF:25
LH:8
BRDA:20,0,0,0
BRDA:20,0,1,0
BRDA:28,1,0,0
BRDA:30,2,0,0
BRDA:30,2,1,0
BRF:5
BRH:0
end_of_record
TN:
SF:utility\responseHandler.js
FN:1,(anonymous_0)
FN:16,(anonymous_1)
FNF:2
FNH:2
FNDA:6655,(anonymous_0)
FNDA:7,(anonymous_1)
DA:1,13
DA:8,6655
DA:16,13
DA:22,7
DA:29,13
LF:5
LH:5
BRDA:5,0,0,1
BRDA:20,1,0,7
BRF:2
BRH:2
end_of_record
